#
# A fatal error has been detected by the Java Runtime Environment:
#
#  SIGBUS (0xa) at pc=0x000000010c2a8e92, pid=9636, tid=0x0000000000001c03
#
# JRE version: Java(TM) SE Runtime Environment (8.0_101-b13) (build 1.8.0_101-b13)
# Java VM: Java HotSpot(TM) 64-Bit Server VM (25.101-b13 mixed mode bsd-amd64 compressed oops)
# Problematic frame:
# C  [libzip.dylib+0x2e92]  newEntry+0x154
#
# Failed to write core dump. Core dumps have been disabled. To enable core dumping, try "ulimit -c unlimited" before starting Java again
#
# If you would like to submit a bug report, please visit:
#   http://bugreport.java.com/bugreport/crash.jsp
# The crash happened outside the Java Virtual Machine in native code.
# See problematic frame for where to report the bug.
#

---------------  T H R E A D  ---------------

Current thread (0x00007f9859003800):  JavaThread "main" [_thread_in_native, id=7171, stack(0x000070000b72e000,0x000070000b82e000)]

siginfo: si_signo: 10 (SIGBUS), si_code: 2 (BUS_ADRERR), si_addr: 0x000000011a386ffb

Registers:
RAX=0x00007f9857e2de80, RBX=0x000000011a386fef, RCX=0x0000000000000001, RDX=0x0000000000000200
RSP=0x000070000b82b380, RBP=0x000070000b82b3e0, RSI=0x0000000000001000, RDI=0x00000000000002a3
R8 =0x0000000000000048, R9 =0x00007f9857f2a270, R10=0x00000000fffff000, R11=0x00006ff8a08eca36
R12=0x00007f985904ce00, R13=0x00000000000046f0, R14=0x000000009115090a, R15=0x00007f9857f2c5d0
RIP=0x000000010c2a8e92, EFLAGS=0x0000000000010202, ERR=0x0000000000000004
  TRAPNO=0x000000000000000e

Top of Stack: (sp=0x000070000b82b380)
0x000070000b82b380:   000070000b82c958 000000000b82c630
0x000070000b82b390:   000070000b82c620 000000011a8888f9
0x000070000b82b3a0:   000070000b82b3c0 00007f9857e2de80
0x000070000b82b3b0:   00007f9857f2a270 00007f9857e2de80
0x000070000b82b3c0:   00007f985904ce00 00000000000046f0
0x000070000b82b3d0:   000000009115090a 00007f9857f2c5d0
0x000070000b82b3e0:   000070000b82b440 000000010c2a952d
0x000070000b82b3f0:   000070000b82b47f 000070000b82b47e
0x000070000b82b400:   0000001f00000000 0000002001003800
0x000070000b82b410:   000070000b82b45e 000070000b82b928
0x000070000b82b420:   0000000000000020 000070000b82b45e
0x000070000b82b430:   00007f9857e2de80 00007f98590039f8
0x000070000b82b440:   000070000b82b890 000000010c2a8238
0x000070000b82b450:   000070000b82c780 6f73700000000001
0x000070000b82b460:   6f7774656e2f7363 2f65646f6e2f6b72
0x000070000b82b470:   3224726574756f52 00007373616c632e
0x000070000b82b480:   000070000b82b4b0 000000010d64bb0a
0x000070000b82b490:   000070000b82b4c0 000000011a8c55bd
0x000070000b82b4a0:   000070000b82b520 000070000b82b4f0
0x000070000b82b4b0:   000070000b82baf0 000000010d53fecd
0x000070000b82b4c0:   000070000b82c790 000000011a8c3c4c
0x000070000b82b4d0:   000000011a8c31d0 0000000100000000
0x000070000b82b4e0:   000070000b82c958 000070000b82c790
0x000070000b82b4f0:   000070000b82c780 000000011a8888f9
0x000070000b82b500:   000000011a888890 0000000100000000
0x000070000b82b510:   000070000b82c780 000070000b82c780
0x000070000b82b520:   0000700017f4c2c8 0000000117f4c248
0x000070000b82b530:   0000000017f4ab88 0000000117f4c228
0x000070000b82b540:   0000000117e3e7c0 0000000117e45890
0x000070000b82b550:   000070000b82b620 0000000017f7d040
0x000070000b82b560:   0000700017f4c3a8 000000010d5f28e6
0x000070000b82b570:   000070000b82b780 000000011a89a790 

Instructions: (pc=0x000000010c2a8e92)
0x000000010c2a8e72:   49 8b 7f 38 e8 5b 1b 00 00 4d 89 77 38 49 89 5f
0x000000010c2a8e82:   40 4c 89 f0 48 85 c0 0f 84 11 05 00 00 48 89 c3
0x000000010c2a8e92:   0f b6 43 0c 0f b6 4b 0d 48 c1 e1 08 48 01 c1 0f
0x000000010c2a8ea2:   b6 43 0e 0f b6 53 0f 48 c1 e2 08 48 01 c2 48 c1 

Register to memory mapping:

RAX=0x00007f9857e2de80 is an unknown value
RBX=0x000000011a386fef is an unknown value
RCX=0x0000000000000001 is an unknown value
RDX=0x0000000000000200 is an unknown value
RSP=0x000070000b82b380 is pointing into the stack for thread: 0x00007f9859003800
RBP=0x000070000b82b3e0 is pointing into the stack for thread: 0x00007f9859003800
RSI=0x0000000000001000 is an unknown value
RDI=0x00000000000002a3 is an unknown value
R8 =0x0000000000000048 is an unknown value
R9 =0x00007f9857f2a270 is an unknown value
R10=0x00000000fffff000 is an unknown value
R11=0x00006ff8a08eca36 is an unknown value
R12=0x00007f985904ce00 is an unknown value
R13=0x00000000000046f0 is an unknown value
R14=0x000000009115090a is an unknown value
R15=0x00007f9857f2c5d0 is an unknown value


Stack: [0x000070000b72e000,0x000070000b82e000],  sp=0x000070000b82b380,  free space=1012k
Native frames: (J=compiled Java code, j=interpreted, Vv=VM code, C=native code)
C  [libzip.dylib+0x2e92]  newEntry+0x154
C  [libzip.dylib+0x352d]  ZIP_GetEntry2+0xd4
C  [libzip.dylib+0x2238]  Java_java_util_zip_ZipFile_getEntry+0xcf
j  java.util.zip.ZipFile.getEntry(J[BZ)J+0
j  java.util.zip.ZipFile.getEntry(Ljava/lang/String;)Ljava/util/zip/ZipEntry;+38
J 55 C1 sun.misc.URLClassPath$JarLoader.getResource(Ljava/lang/String;Z)Lsun/misc/Resource; (85 bytes) @ 0x000000011a8add9c [0x000000011a8ad9c0+0x3dc]
j  sun.misc.URLClassPath.getResource(Ljava/lang/String;Z)Lsun/misc/Resource;+62
j  java.net.URLClassLoader$1.run()Ljava/lang/Class;+26
j  java.net.URLClassLoader$1.run()Ljava/lang/Object;+1
v  ~StubRoutines::call_stub
V  [libjvm.dylib+0x2ecf06]  JavaCalls::call_helper(JavaValue*, methodHandle*, JavaCallArguments*, Thread*)+0x6ae
V  [libjvm.dylib+0x34d69c]  JVM_DoPrivileged+0x4b8
j  java.security.AccessController.doPrivileged(Ljava/security/PrivilegedExceptionAction;Ljava/security/AccessControlContext;)Ljava/lang/Object;+0
J 147 C1 java.net.URLClassLoader.findClass(Ljava/lang/String;)Ljava/lang/Class; (47 bytes) @ 0x000000011a8dd0d4 [0x000000011a8dcf40+0x194]
J 105 C1 java.lang.ClassLoader.loadClass(Ljava/lang/String;Z)Ljava/lang/Class; (122 bytes) @ 0x000000011a8c3ea4 [0x000000011a8c3540+0x964]
j  sun.misc.Launcher$AppClassLoader.loadClass(Ljava/lang/String;Z)Ljava/lang/Class;+81
j  java.lang.ClassLoader.loadClass(Ljava/lang/String;)Ljava/lang/Class;+3
v  ~StubRoutines::call_stub
V  [libjvm.dylib+0x2ecf06]  JavaCalls::call_helper(JavaValue*, methodHandle*, JavaCallArguments*, Thread*)+0x6ae
V  [libjvm.dylib+0x2ed694]  JavaCalls::call_virtual(JavaValue*, KlassHandle, Symbol*, Symbol*, JavaCallArguments*, Thread*)+0x164
V  [libjvm.dylib+0x2ed7ec]  JavaCalls::call_virtual(JavaValue*, Handle, KlassHandle, Symbol*, Symbol*, Handle, Thread*)+0x56
V  [libjvm.dylib+0x53a818]  SystemDictionary::load_instance_class(Symbol*, Handle, Thread*)+0x2d8
V  [libjvm.dylib+0x539fb1]  SystemDictionary::resolve_instance_class_or_null(Symbol*, Handle, Handle, Thread*)+0x48f
V  [libjvm.dylib+0x53aa34]  SystemDictionary::resolve_or_null(Symbol*, Handle, Handle, Thread*)+0x106
V  [libjvm.dylib+0x53b0e7]  SystemDictionary::resolve_or_fail(Symbol*, Handle, Handle, bool, Thread*)+0x31
V  [libjvm.dylib+0x1e2582]  ConstantPool::klass_at_impl(constantPoolHandle, int, Thread*)+0x2ee
V  [libjvm.dylib+0x1f29ae]  ConstantPool::klass_at(int, Thread*)+0x92
V  [libjvm.dylib+0x2e8943]  InterpreterRuntime::_new(JavaThread*, ConstantPool*, int)+0x2d
j  socs.network.node.Router.processStart()V+0
j  socs.network.node.Router.terminal()V+164
j  socs.network.Main.main([Ljava/lang/String;)V+37
v  ~StubRoutines::call_stub
V  [libjvm.dylib+0x2ecf06]  JavaCalls::call_helper(JavaValue*, methodHandle*, JavaCallArguments*, Thread*)+0x6ae
V  [libjvm.dylib+0x323d7a]  jni_invoke_static(JNIEnv_*, JavaValue*, _jobject*, JNICallType, _jmethodID*, JNI_ArgumentPusher*, Thread*)+0x1bf
V  [libjvm.dylib+0x31caf1]  jni_CallStaticVoidMethod+0x15d
C  [java+0x3931]  JavaMain+0x9c4
C  [libsystem_pthread.dylib+0x393b]  _pthread_body+0xb4
C  [libsystem_pthread.dylib+0x3887]  _pthread_body+0x0
C  [libsystem_pthread.dylib+0x308d]  thread_start+0xd
C  0x0000000000000000

Java frames: (J=compiled Java code, j=interpreted, Vv=VM code)
j  java.util.zip.ZipFile.getEntry(J[BZ)J+0
j  java.util.zip.ZipFile.getEntry(Ljava/lang/String;)Ljava/util/zip/ZipEntry;+38
J 55 C1 sun.misc.URLClassPath$JarLoader.getResource(Ljava/lang/String;Z)Lsun/misc/Resource; (85 bytes) @ 0x000000011a8add9c [0x000000011a8ad9c0+0x3dc]
j  sun.misc.URLClassPath.getResource(Ljava/lang/String;Z)Lsun/misc/Resource;+62
j  java.net.URLClassLoader$1.run()Ljava/lang/Class;+26
j  java.net.URLClassLoader$1.run()Ljava/lang/Object;+1
v  ~StubRoutines::call_stub
j  java.security.AccessController.doPrivileged(Ljava/security/PrivilegedExceptionAction;Ljava/security/AccessControlContext;)Ljava/lang/Object;+0
J 147 C1 java.net.URLClassLoader.findClass(Ljava/lang/String;)Ljava/lang/Class; (47 bytes) @ 0x000000011a8dd0d4 [0x000000011a8dcf40+0x194]
J 105 C1 java.lang.ClassLoader.loadClass(Ljava/lang/String;Z)Ljava/lang/Class; (122 bytes) @ 0x000000011a8c3ea4 [0x000000011a8c3540+0x964]
j  sun.misc.Launcher$AppClassLoader.loadClass(Ljava/lang/String;Z)Ljava/lang/Class;+81
j  java.lang.ClassLoader.loadClass(Ljava/lang/String;)Ljava/lang/Class;+3
v  ~StubRoutines::call_stub
j  socs.network.node.Router.processStart()V+0
j  socs.network.node.Router.terminal()V+164
j  socs.network.Main.main([Ljava/lang/String;)V+37
v  ~StubRoutines::call_stub

---------------  P R O C E S S  ---------------

Java Threads: ( => current thread )
  0x00007f985a887800 JavaThread "Thread-0" [_thread_in_native, id=22275, stack(0x000070000ca67000,0x000070000cb67000)]
  0x00007f985a821000 JavaThread "Service Thread" daemon [_thread_blocked, id=21251, stack(0x000070000c861000,0x000070000c961000)]
  0x00007f985a026000 JavaThread "C1 CompilerThread3" daemon [_thread_blocked, id=20739, stack(0x000070000c75e000,0x000070000c85e000)]
  0x00007f985902a000 JavaThread "C2 CompilerThread2" daemon [_thread_blocked, id=20227, stack(0x000070000c65b000,0x000070000c75b000)]
  0x00007f9859029000 JavaThread "C2 CompilerThread1" daemon [_thread_blocked, id=19715, stack(0x000070000c558000,0x000070000c658000)]
  0x00007f985902b800 JavaThread "C2 CompilerThread0" daemon [_thread_blocked, id=19203, stack(0x000070000c455000,0x000070000c555000)]
  0x00007f985902a800 JavaThread "Signal Dispatcher" daemon [_thread_blocked, id=18691, stack(0x000070000c352000,0x000070000c452000)]
  0x00007f985a807800 JavaThread "Finalizer" daemon [_thread_blocked, id=14595, stack(0x000070000c24f000,0x000070000c34f000)]
  0x00007f985901f000 JavaThread "Reference Handler" daemon [_thread_blocked, id=14083, stack(0x000070000c14c000,0x000070000c24c000)]
=>0x00007f9859003800 JavaThread "main" [_thread_in_native, id=7171, stack(0x000070000b72e000,0x000070000b82e000)]

Other Threads:
  0x00007f985901a000 VMThread [stack: 0x000070000c049000,0x000070000c149000] [id=13571]
  0x00007f985a850000 WatcherThread [stack: 0x000070000c964000,0x000070000ca64000] [id=21763]

VM state:not at safepoint (normal execution)

VM Mutex/Monitor currently owned by a thread: None

Heap:
 PSYoungGen      total 76288K, used 6553K [0x000000076ab00000, 0x0000000770000000, 0x00000007c0000000)
  eden space 65536K, 10% used [0x000000076ab00000,0x000000076b1666a0,0x000000076eb00000)
  from space 10752K, 0% used [0x000000076f580000,0x000000076f580000,0x0000000770000000)
  to   space 10752K, 0% used [0x000000076eb00000,0x000000076eb00000,0x000000076f580000)
 ParOldGen       total 175104K, used 0K [0x00000006c0000000, 0x00000006cab00000, 0x000000076ab00000)
  object space 175104K, 0% used [0x00000006c0000000,0x00000006c0000000,0x00000006cab00000)
 Metaspace       used 3844K, capacity 5176K, committed 5376K, reserved 1056768K
  class space    used 429K, capacity 488K, committed 512K, reserved 1048576K

Card table byte_map: [0x000000010e75d000,0x000000010ef5e000] byte_map_base: 0x000000010b15d000

Marking Bits: (ParMarkBitMap*) 0x000000010dcedd20
 Begin Bits: [0x000000010f4b4000, 0x00000001134b4000)
 End Bits:   [0x00000001134b4000, 0x00000001174b4000)

Polling page: 0x000000010c29c000

CodeCache: size=245760Kb used=1345Kb max_used=1345Kb free=244414Kb
 bounds [0x000000011a78d000, 0x000000011a9fd000, 0x000000012978d000]
 total_blobs=399 nmethods=150 adapters=163
 compilation: enabled

Compilation events (10 events):
Event: 2.539 Thread 0x00007f985a026000  146       3       java.lang.String::lastIndexOf (151 bytes)
Event: 2.540 Thread 0x00007f985a026000 nmethod 146 0x000000011a8dc210 code [0x000000011a8dc3c0, 0x000000011a8dc910]
Event: 2.540 Thread 0x00007f985a026000  147   !   3       java.net.URLClassLoader::findClass (47 bytes)
Event: 2.541 Thread 0x00007f985a026000 nmethod 147 0x000000011a8dcd90 code [0x000000011a8dcf40, 0x000000011a8dd5a8]
Event: 2.541 Thread 0x00007f985a026000  148       1       sun.misc.URLClassPath$Loader::getBaseURL (5 bytes)
Event: 2.541 Thread 0x00007f985a026000 nmethod 148 0x000000011a8d6310 code [0x000000011a8d6460, 0x000000011a8d6570]
Event: 2.541 Thread 0x00007f985a026000  149       1       java.util.jar.Manifest::getEntries (5 bytes)
Event: 2.541 Thread 0x00007f985a026000 nmethod 149 0x000000011a8d6050 code [0x000000011a8d61a0, 0x000000011a8d62b0]
Event: 2.541 Thread 0x00007f985a026000  150       1       java.util.jar.JarFile::access$300 (5 bytes)
Event: 2.541 Thread 0x00007f985a026000 nmethod 150 0x000000011a8dd810 code [0x000000011a8dd960, 0x000000011a8dda50]

GC Heap History (0 events):
No events

Deoptimization events (0 events):
No events

Internal exceptions (2 events):
Event: 0.026 Thread 0x00007f9859003800 Exception <a 'java/lang/NoSuchMethodError': Method sun.misc.Unsafe.defineClass(Ljava/lang/String;[BII)Ljava/lang/Class; name or signature does not match> (0x000000076ab07cc0) thrown at [/HUDSON3/workspace/8-2-build-macosx-x86_64/jdk8u101/7261/hotspot/src/
Event: 0.026 Thread 0x00007f9859003800 Exception <a 'java/lang/NoSuchMethodError': Method sun.misc.Unsafe.prefetchRead(Ljava/lang/Object;J)V name or signature does not match> (0x000000076ab07fa8) thrown at [/HUDSON3/workspace/8-2-build-macosx-x86_64/jdk8u101/7261/hotspot/src/share/vm/prims/jni

Events (10 events):
Event: 0.143 loading class java/net/NetworkInterface$2
Event: 0.143 loading class java/net/NetworkInterface$2 done
Event: 0.145 loading class java/net/Socket
Event: 0.145 loading class java/net/Socket done
Event: 2.539 loading class socs/network/node/RouterStatus
Event: 2.539 loading class socs/network/node/RouterStatus done
Event: 4.091 Executing VM operation: EnableBiasedLocking
Event: 4.091 Executing VM operation: EnableBiasedLocking done
Event: 6.890 loading class socs/network/node/Router$2
Event: 6.890 loading class socs/network/node/Router$2 done


Dynamic libraries:
0x000000003c264000 	/System/Library/Frameworks/Cocoa.framework/Versions/A/Cocoa
0x000000003c264000 	/System/Library/Frameworks/Security.framework/Versions/A/Security
0x000000003c264000 	/System/Library/Frameworks/ApplicationServices.framework/Versions/A/ApplicationServices
0x000000003c264000 	/usr/lib/libz.1.dylib
0x000000003c264000 	/usr/lib/libSystem.B.dylib
0x000000003c264000 	/usr/lib/libobjc.A.dylib
0x000000003c264000 	/System/Library/Frameworks/CoreFoundation.framework/Versions/A/CoreFoundation
0x000000003c264000 	/System/Library/Frameworks/Foundation.framework/Versions/C/Foundation
0x000000003c264000 	/System/Library/Frameworks/AppKit.framework/Versions/C/AppKit
0x000000003c264000 	/System/Library/Frameworks/CoreData.framework/Versions/A/CoreData
0x000000003c264000 	/System/Library/PrivateFrameworks/RemoteViewServices.framework/Versions/A/RemoteViewServices
0x000000003c264000 	/System/Library/PrivateFrameworks/UIFoundation.framework/Versions/A/UIFoundation
0x000000003c264000 	/System/Library/PrivateFrameworks/DFRFoundation.framework/Versions/A/DFRFoundation
0x000000003c264000 	/usr/lib/libenergytrace.dylib
0x000000003c264000 	/System/Library/PrivateFrameworks/SkyLight.framework/Versions/A/SkyLight
0x000000003c264000 	/System/Library/Frameworks/CoreGraphics.framework/Versions/A/CoreGraphics
0x000000003c264000 	/usr/lib/libScreenReader.dylib
0x000000003c264000 	/System/Library/Frameworks/Accelerate.framework/Versions/A/Accelerate
0x000000003c264000 	/System/Library/Frameworks/IOSurface.framework/Versions/A/IOSurface
0x000000003c264000 	/System/Library/Frameworks/AudioToolbox.framework/Versions/A/AudioToolbox
0x000000003c264000 	/System/Library/Frameworks/AudioUnit.framework/Versions/A/AudioUnit
0x000000003c264000 	/System/Library/PrivateFrameworks/DataDetectorsCore.framework/Versions/A/DataDetectorsCore
0x000000003c264000 	/System/Library/PrivateFrameworks/DesktopServicesPriv.framework/Versions/A/DesktopServicesPriv
0x000000003c264000 	/System/Library/Frameworks/Carbon.framework/Versions/A/Frameworks/HIToolbox.framework/Versions/A/HIToolbox
0x000000003c264000 	/usr/lib/libicucore.A.dylib
0x000000003c264000 	/System/Library/Frameworks/QuartzCore.framework/Versions/A/QuartzCore
0x000000003c264000 	/System/Library/Frameworks/Carbon.framework/Versions/A/Frameworks/SpeechRecognition.framework/Versions/A/SpeechRecognition
0x000000003c264000 	/usr/lib/libauto.dylib
0x000000003c264000 	/usr/lib/libxml2.2.dylib
0x000000003c264000 	/System/Library/PrivateFrameworks/CoreUI.framework/Versions/A/CoreUI
0x000000003c264000 	/System/Library/Frameworks/CoreAudio.framework/Versions/A/CoreAudio
0x000000003c264000 	/System/Library/Frameworks/DiskArbitration.framework/Versions/A/DiskArbitration
0x000000003c264000 	/usr/lib/liblangid.dylib
0x000000003c264000 	/System/Library/PrivateFrameworks/MultitouchSupport.framework/Versions/A/MultitouchSupport
0x000000003c264000 	/System/Library/Frameworks/IOKit.framework/Versions/A/IOKit
0x000000003c264000 	/usr/lib/libDiagnosticMessagesClient.dylib
0x000000003c264000 	/System/Library/Frameworks/CoreServices.framework/Versions/A/CoreServices
0x000000003c264000 	/System/Library/PrivateFrameworks/PerformanceAnalysis.framework/Versions/A/PerformanceAnalysis
0x000000003c264000 	/System/Library/PrivateFrameworks/GenerationalStorage.framework/Versions/A/GenerationalStorage
0x000000003c264000 	/System/Library/Frameworks/OpenGL.framework/Versions/A/OpenGL
0x000000003c264000 	/System/Library/Frameworks/CoreImage.framework/Versions/A/CoreImage
0x000000003c264000 	/System/Library/Frameworks/CoreText.framework/Versions/A/CoreText
0x000000003c264000 	/System/Library/Frameworks/ImageIO.framework/Versions/A/ImageIO
0x000000003c264000 	/System/Library/PrivateFrameworks/Backup.framework/Versions/A/Backup
0x000000003c264000 	/usr/lib/libarchive.2.dylib
0x000000003c264000 	/System/Library/Frameworks/CFNetwork.framework/Versions/A/CFNetwork
0x000000003c264000 	/System/Library/Frameworks/SystemConfiguration.framework/Versions/A/SystemConfiguration
0x000000003c264000 	/usr/lib/libCRFSuite.dylib
0x000000003c264000 	/usr/lib/libc++.1.dylib
0x000000003c264000 	/usr/lib/libc++abi.dylib
0x000000003c264000 	/usr/lib/system/libcache.dylib
0x000000003c264000 	/usr/lib/system/libcommonCrypto.dylib
0x000000003c264000 	/usr/lib/system/libcompiler_rt.dylib
0x000000003c264000 	/usr/lib/system/libcopyfile.dylib
0x000000003c264000 	/usr/lib/system/libcorecrypto.dylib
0x000000003c264000 	/usr/lib/system/libdispatch.dylib
0x000000003c264000 	/usr/lib/system/libdyld.dylib
0x000000003c264000 	/usr/lib/system/libkeymgr.dylib
0x000000003c264000 	/usr/lib/system/liblaunch.dylib
0x000000003c264000 	/usr/lib/system/libmacho.dylib
0x000000003c264000 	/usr/lib/system/libquarantine.dylib
0x000000003c264000 	/usr/lib/system/libremovefile.dylib
0x000000003c264000 	/usr/lib/system/libsystem_asl.dylib
0x000000003c264000 	/usr/lib/system/libsystem_blocks.dylib
0x000000003c264000 	/usr/lib/system/libsystem_c.dylib
0x000000003c264000 	/usr/lib/system/libsystem_configuration.dylib
0x000000003c264000 	/usr/lib/system/libsystem_coreservices.dylib
0x000000003c264000 	/usr/lib/system/libsystem_coretls.dylib
0x000000003c264000 	/usr/lib/system/libsystem_dnssd.dylib
0x000000003c264000 	/usr/lib/system/libsystem_info.dylib
0x000000003c264000 	/usr/lib/system/libsystem_kernel.dylib
0x000000003c264000 	/usr/lib/system/libsystem_m.dylib
0x000000003c264000 	/usr/lib/system/libsystem_malloc.dylib
0x000000003c264000 	/usr/lib/system/libsystem_network.dylib
0x000000003c264000 	/usr/lib/system/libsystem_networkextension.dylib
0x000000003c264000 	/usr/lib/system/libsystem_notify.dylib
0x000000003c264000 	/usr/lib/system/libsystem_platform.dylib
0x000000003c264000 	/usr/lib/system/libsystem_pthread.dylib
0x000000003c264000 	/usr/lib/system/libsystem_sandbox.dylib
0x000000003c264000 	/usr/lib/system/libsystem_secinit.dylib
0x000000003c264000 	/usr/lib/system/libsystem_symptoms.dylib
0x000000003c264000 	/usr/lib/system/libsystem_trace.dylib
0x000000003c264000 	/usr/lib/system/libunwind.dylib
0x000000003c264000 	/usr/lib/system/libxpc.dylib
0x000000003c264000 	/usr/lib/libbsm.0.dylib
0x000000003c264000 	/usr/lib/system/libkxld.dylib
0x000000003c264000 	/usr/lib/libcoretls.dylib
0x000000003c264000 	/usr/lib/libcoretls_cfhelpers.dylib
0x000000003c264000 	/usr/lib/libOpenScriptingUtil.dylib
0x000000003c264000 	/usr/lib/libpam.2.dylib
0x000000003c264000 	/usr/lib/libsqlite3.dylib
0x000000003c264000 	/usr/lib/libxar.1.dylib
0x000000003c264000 	/usr/lib/libbz2.1.0.dylib
0x000000003c264000 	/usr/lib/liblzma.5.dylib
0x000000003c264000 	/usr/lib/libnetwork.dylib
0x000000003c264000 	/usr/lib/libpcap.A.dylib
0x000000003c264000 	/System/Library/Frameworks/CoreServices.framework/Versions/A/Frameworks/FSEvents.framework/Versions/A/FSEvents
0x000000003c264000 	/System/Library/Frameworks/CoreServices.framework/Versions/A/Frameworks/CarbonCore.framework/Versions/A/CarbonCore
0x000000003c264000 	/System/Library/Frameworks/CoreServices.framework/Versions/A/Frameworks/Metadata.framework/Versions/A/Metadata
0x000000003c264000 	/System/Library/Frameworks/CoreServices.framework/Versions/A/Frameworks/OSServices.framework/Versions/A/OSServices
0x000000003c264000 	/System/Library/Frameworks/CoreServices.framework/Versions/A/Frameworks/SearchKit.framework/Versions/A/SearchKit
0x000000003c264000 	/System/Library/Frameworks/CoreServices.framework/Versions/A/Frameworks/AE.framework/Versions/A/AE
0x000000003c264000 	/System/Library/Frameworks/CoreServices.framework/Versions/A/Frameworks/LaunchServices.framework/Versions/A/LaunchServices
0x000000003c264000 	/System/Library/Frameworks/CoreServices.framework/Versions/A/Frameworks/DictionaryServices.framework/Versions/A/DictionaryServices
0x000000003c264000 	/System/Library/Frameworks/CoreServices.framework/Versions/A/Frameworks/SharedFileList.framework/Versions/A/SharedFileList
0x000000003c264000 	/System/Library/Frameworks/NetFS.framework/Versions/A/NetFS
0x000000003c264000 	/System/Library/PrivateFrameworks/NetAuth.framework/Versions/A/NetAuth
0x000000003c264000 	/System/Library/PrivateFrameworks/login.framework/Versions/A/Frameworks/loginsupport.framework/Versions/A/loginsupport
0x000000003c264000 	/System/Library/PrivateFrameworks/TCC.framework/Versions/A/TCC
0x000000003c264000 	/usr/lib/libmecabra.dylib
0x000000003c264000 	/System/Library/Frameworks/ApplicationServices.framework/Versions/A/Frameworks/ATS.framework/Versions/A/ATS
0x000000003c264000 	/System/Library/Frameworks/ApplicationServices.framework/Versions/A/Frameworks/ColorSync.framework/Versions/A/ColorSync
0x000000003c264000 	/System/Library/Frameworks/ApplicationServices.framework/Versions/A/Frameworks/HIServices.framework/Versions/A/HIServices
0x000000003c264000 	/System/Library/Frameworks/ApplicationServices.framework/Versions/A/Frameworks/LangAnalysis.framework/Versions/A/LangAnalysis
0x000000003c264000 	/System/Library/Frameworks/ApplicationServices.framework/Versions/A/Frameworks/PrintCore.framework/Versions/A/PrintCore
0x000000003c264000 	/System/Library/Frameworks/ApplicationServices.framework/Versions/A/Frameworks/QD.framework/Versions/A/QD
0x000000003c264000 	/System/Library/Frameworks/ApplicationServices.framework/Versions/A/Frameworks/SpeechSynthesis.framework/Versions/A/SpeechSynthesis
0x000000003c264000 	/System/Library/Frameworks/Accelerate.framework/Versions/A/Frameworks/vImage.framework/Versions/A/vImage
0x000000003c264000 	/System/Library/Frameworks/Accelerate.framework/Versions/A/Frameworks/vecLib.framework/Versions/A/vecLib
0x000000003c264000 	/System/Library/Frameworks/Accelerate.framework/Versions/A/Frameworks/vecLib.framework/Versions/A/libvDSP.dylib
0x000000003c264000 	/System/Library/Frameworks/Accelerate.framework/Versions/A/Frameworks/vecLib.framework/Versions/A/libBNNS.dylib
0x000000003c264000 	/System/Library/Frameworks/Accelerate.framework/Versions/A/Frameworks/vecLib.framework/Versions/A/libQuadrature.dylib
0x000000003c264000 	/System/Library/Frameworks/Accelerate.framework/Versions/A/Frameworks/vecLib.framework/Versions/A/libvMisc.dylib
0x000000003c264000 	/System/Library/Frameworks/Accelerate.framework/Versions/A/Frameworks/vecLib.framework/Versions/A/libLAPACK.dylib
0x000000003c264000 	/System/Library/Frameworks/Accelerate.framework/Versions/A/Frameworks/vecLib.framework/Versions/A/libBLAS.dylib
0x000000003c264000 	/System/Library/Frameworks/Accelerate.framework/Versions/A/Frameworks/vecLib.framework/Versions/A/libLinearAlgebra.dylib
0x000000003c264000 	/System/Library/Frameworks/Accelerate.framework/Versions/A/Frameworks/vecLib.framework/Versions/A/libSparseBLAS.dylib
0x000000003c264000 	/System/Library/Frameworks/ApplicationServices.framework/Versions/A/Frameworks/ATS.framework/Versions/A/Resources/libFontParser.dylib
0x000000003c264000 	/System/Library/Frameworks/ApplicationServices.framework/Versions/A/Frameworks/ATS.framework/Versions/A/Resources/libFontRegistry.dylib
0x000000003c264000 	/System/Library/Frameworks/ImageIO.framework/Versions/A/Resources/libJPEG.dylib
0x000000003c264000 	/System/Library/Frameworks/ImageIO.framework/Versions/A/Resources/libTIFF.dylib
0x000000003c264000 	/System/Library/Frameworks/ImageIO.framework/Versions/A/Resources/libPng.dylib
0x000000003c264000 	/System/Library/Frameworks/ImageIO.framework/Versions/A/Resources/libGIF.dylib
0x000000003c264000 	/System/Library/Frameworks/ImageIO.framework/Versions/A/Resources/libJP2.dylib
0x000000003c264000 	/System/Library/Frameworks/ImageIO.framework/Versions/A/Resources/libRadiance.dylib
0x000000003c264000 	/usr/lib/libcompression.dylib
0x000000003c264000 	/System/Library/PrivateFrameworks/AppleJPEG.framework/Versions/A/AppleJPEG
0x000000003c264000 	/usr/lib/libcups.2.dylib
0x000000003c264000 	/System/Library/Frameworks/Kerberos.framework/Versions/A/Kerberos
0x000000003c264000 	/System/Library/Frameworks/GSS.framework/Versions/A/GSS
0x000000003c264000 	/usr/lib/libresolv.9.dylib
0x000000003c264000 	/usr/lib/libiconv.2.dylib
0x000000003c264000 	/System/Library/PrivateFrameworks/Heimdal.framework/Versions/A/Heimdal
0x000000003c264000 	/usr/lib/libheimdal-asn1.dylib
0x000000003c264000 	/System/Library/Frameworks/OpenDirectory.framework/Versions/A/OpenDirectory
0x000000003c264000 	/System/Library/PrivateFrameworks/CommonAuth.framework/Versions/A/CommonAuth
0x000000003c264000 	/System/Library/Frameworks/OpenDirectory.framework/Versions/A/Frameworks/CFOpenDirectory.framework/Versions/A/CFOpenDirectory
0x000000003c264000 	/System/Library/Frameworks/SecurityFoundation.framework/Versions/A/SecurityFoundation
0x000000003c264000 	/System/Library/PrivateFrameworks/LanguageModeling.framework/Versions/A/LanguageModeling
0x000000003c264000 	/usr/lib/libmarisa.dylib
0x000000003c264000 	/usr/lib/libChineseTokenizer.dylib
0x000000003c264000 	/usr/lib/libcmph.dylib
0x000000003c264000 	/System/Library/PrivateFrameworks/CoreEmoji.framework/Versions/A/CoreEmoji
0x000000003c264000 	/System/Library/Frameworks/ServiceManagement.framework/Versions/A/ServiceManagement
0x000000003c264000 	/usr/lib/libxslt.1.dylib
0x000000003c264000 	/System/Library/Frameworks/Carbon.framework/Versions/A/Frameworks/Ink.framework/Versions/A/Ink
0x000000003c264000 	/System/Library/PrivateFrameworks/TextureIO.framework/Versions/A/TextureIO
0x000000003c264000 	/System/Library/Frameworks/Metal.framework/Versions/A/Metal
0x000000003c264000 	/usr/lib/libate.dylib
0x000000003c264000 	/System/Library/PrivateFrameworks/GPUCompiler.framework/libmetal_timestamp.dylib
0x000000003c264000 	/System/Library/Frameworks/OpenGL.framework/Versions/A/Libraries/libCoreFSCache.dylib
0x000000003c264000 	/System/Library/PrivateFrameworks/IOAccelerator.framework/Versions/A/IOAccelerator
0x000000003c264000 	/System/Library/Frameworks/CoreVideo.framework/Versions/A/CoreVideo
0x000000003c264000 	/usr/lib/libFosl_dynamic.dylib
0x000000003c264000 	/System/Library/PrivateFrameworks/MetalPerformanceShaders.framework/Versions/A/MetalPerformanceShaders
0x000000003c264000 	/System/Library/PrivateFrameworks/FaceCore.framework/Versions/A/FaceCore
0x000000003c264000 	/System/Library/Frameworks/OpenCL.framework/Versions/A/OpenCL
0x000000003c264000 	/System/Library/Frameworks/OpenGL.framework/Versions/A/Libraries/libGLU.dylib
0x000000003c264000 	/System/Library/Frameworks/OpenGL.framework/Versions/A/Libraries/libGFXShared.dylib
0x000000003c264000 	/System/Library/Frameworks/OpenGL.framework/Versions/A/Libraries/libGL.dylib
0x000000003c264000 	/System/Library/Frameworks/OpenGL.framework/Versions/A/Libraries/libGLImage.dylib
0x000000003c264000 	/System/Library/Frameworks/OpenGL.framework/Versions/A/Libraries/libCVMSPluginSupport.dylib
0x000000003c264000 	/System/Library/Frameworks/OpenGL.framework/Versions/A/Libraries/libCoreVMClient.dylib
0x000000003c264000 	/System/Library/PrivateFrameworks/CrashReporterSupport.framework/Versions/A/CrashReporterSupport
0x000000003c264000 	/System/Library/PrivateFrameworks/Sharing.framework/Versions/A/Sharing
0x000000003c264000 	/System/Library/PrivateFrameworks/IconServices.framework/Versions/A/IconServices
0x000000003c264000 	/System/Library/PrivateFrameworks/ProtocolBuffer.framework/Versions/A/ProtocolBuffer
0x000000003c264000 	/System/Library/PrivateFrameworks/Apple80211.framework/Versions/A/Apple80211
0x000000003c264000 	/System/Library/Frameworks/CoreWLAN.framework/Versions/A/CoreWLAN
0x000000003c264000 	/System/Library/PrivateFrameworks/CoreUtils.framework/Versions/A/CoreUtils
0x000000003c264000 	/System/Library/Frameworks/IOBluetooth.framework/Versions/A/IOBluetooth
0x000000003c264000 	/System/Library/PrivateFrameworks/CoreWiFi.framework/Versions/A/CoreWiFi
0x000000003c264000 	/System/Library/Frameworks/CoreBluetooth.framework/Versions/A/CoreBluetooth
0x000000003c264000 	/System/Library/Frameworks/CoreDisplay.framework/Versions/A/CoreDisplay
0x000000003c264000 	/System/Library/PrivateFrameworks/IOPresentment.framework/Versions/A/IOPresentment
0x000000003c264000 	/System/Library/PrivateFrameworks/DSExternalDisplay.framework/Versions/A/DSExternalDisplay
0x000000003c264000 	/System/Library/PrivateFrameworks/DebugSymbols.framework/Versions/A/DebugSymbols
0x000000003c264000 	/System/Library/PrivateFrameworks/CoreSymbolication.framework/Versions/A/CoreSymbolication
0x000000003c264000 	/System/Library/PrivateFrameworks/Symbolication.framework/Versions/A/Symbolication
0x000000003c264000 	/System/Library/PrivateFrameworks/AppleFSCompression.framework/Versions/A/AppleFSCompression
0x000000003c264000 	/System/Library/PrivateFrameworks/SpeechRecognitionCore.framework/Versions/A/SpeechRecognitionCore
0x000000003c264000 	/System/Library/PrivateFrameworks/ChunkingLibrary.framework/Versions/A/ChunkingLibrary
0x000000010d400000 	/Library/Java/JavaVirtualMachines/jdk1.8.0_101.jdk/Contents/Home/jre/lib/server/libjvm.dylib
0x000000003c264000 	/usr/lib/libstdc++.6.dylib
0x000000010c259000 	/Library/Java/JavaVirtualMachines/jdk1.8.0_101.jdk/Contents/Home/jre/lib/libverify.dylib
0x000000010c267000 	/Library/Java/JavaVirtualMachines/jdk1.8.0_101.jdk/Contents/Home/jre/lib/libjava.dylib
0x000000010c2a6000 	/Library/Java/JavaVirtualMachines/jdk1.8.0_101.jdk/Contents/Home/jre/lib/libzip.dylib
0x000000011a2ea000 	/System/Library/Frameworks/JavaVM.framework/Frameworks/JavaRuntimeSupport.framework/JavaRuntimeSupport
0x000000011a304000 	/System/Library/Frameworks/JavaVM.framework/Versions/A/Frameworks/JavaNativeFoundation.framework/Versions/A/JavaNativeFoundation
0x000000010c3f0000 	/System/Library/Frameworks/JavaVM.framework/Versions/A/JavaVM
0x000000003c264000 	/System/Library/Frameworks/Carbon.framework/Versions/A/Carbon
0x000000011a319000 	/System/Library/PrivateFrameworks/JavaLaunching.framework/Versions/A/JavaLaunching
0x000000003c264000 	/System/Library/Frameworks/Carbon.framework/Versions/A/Frameworks/CommonPanels.framework/Versions/A/CommonPanels
0x000000003c264000 	/System/Library/Frameworks/Carbon.framework/Versions/A/Frameworks/Help.framework/Versions/A/Help
0x000000003c264000 	/System/Library/Frameworks/Carbon.framework/Versions/A/Frameworks/ImageCapture.framework/Versions/A/ImageCapture
0x000000003c264000 	/System/Library/Frameworks/Carbon.framework/Versions/A/Frameworks/OpenScripting.framework/Versions/A/OpenScripting
0x000000003c264000 	/System/Library/Frameworks/Carbon.framework/Versions/A/Frameworks/Print.framework/Versions/A/Print
0x000000003c264000 	/System/Library/Frameworks/Carbon.framework/Versions/A/Frameworks/SecurityHI.framework/Versions/A/SecurityHI
0x000000011a388000 	/Library/Java/JavaVirtualMachines/jdk1.8.0_101.jdk/Contents/Home/jre/lib/libnet.dylib

VM Arguments:
java_command: COMP535-1.0-SNAPSHOT-jar-with-dependencies.jar ../conf/router1.conf
java_class_path (initial): COMP535-1.0-SNAPSHOT-jar-with-dependencies.jar
Launcher Type: SUN_STANDARD

Environment Variables:
PATH=/Library/Frameworks/Python.framework/Versions/3.6/bin:/Library/Frameworks/Python.framework/Versions/2.7/bin:/usr/local/bin:/usr/bin:/bin:/usr/sbin:/sbin:/usr/local/go/bin:/Applications/Wireshark.app/Contents/MacOS:/Users/Alex/Documents/Source_Codes/go/bin:/usr/local/opt/go/libexec/bin
SHELL=/bin/bash

Signal Handlers:
SIGSEGV: [libjvm.dylib+0x5af145], sa_mask[0]=11111111011111110111111111111111, sa_flags=SA_ONSTACK|SA_RESTART|SA_SIGINFO
SIGBUS: [libjvm.dylib+0x5af145], sa_mask[0]=11111111011111110111111111111111, sa_flags=SA_RESTART|SA_SIGINFO
SIGFPE: [libjvm.dylib+0x48694c], sa_mask[0]=11111111011111110111111111111111, sa_flags=SA_RESTART|SA_SIGINFO
SIGPIPE: [libjvm.dylib+0x48694c], sa_mask[0]=11111111011111110111111111111111, sa_flags=SA_RESTART|SA_SIGINFO
SIGXFSZ: [libjvm.dylib+0x48694c], sa_mask[0]=11111111011111110111111111111111, sa_flags=SA_RESTART|SA_SIGINFO
SIGILL: [libjvm.dylib+0x48694c], sa_mask[0]=11111111011111110111111111111111, sa_flags=SA_RESTART|SA_SIGINFO
SIGUSR1: SIG_DFL, sa_mask[0]=11011111011111100000000111000110, sa_flags=none
SIGUSR2: [libjvm.dylib+0x48646a], sa_mask[0]=00000000000000000000000000000000, sa_flags=SA_RESTART|SA_SIGINFO
SIGHUP: [libjvm.dylib+0x484a41], sa_mask[0]=11111111011111110111111111111111, sa_flags=SA_RESTART|SA_SIGINFO
SIGINT: [libjvm.dylib+0x484a41], sa_mask[0]=11111111011111110111111111111111, sa_flags=SA_RESTART|SA_SIGINFO
SIGTERM: [libjvm.dylib+0x484a41], sa_mask[0]=11111111011111110111111111111111, sa_flags=SA_RESTART|SA_SIGINFO
SIGQUIT: [libjvm.dylib+0x484a41], sa_mask[0]=11111111011111110111111111111111, sa_flags=SA_RESTART|SA_SIGINFO


---------------  S Y S T E M  ---------------

OS:Bsduname:Darwin 16.7.0 Darwin Kernel Version 16.7.0: Thu Jun 15 17:36:27 PDT 2017; root:xnu-3789.70.16~2/RELEASE_X86_64 x86_64
rlimit: STACK 8192k, CORE 0k, NPROC 709, NOFILE 10240, AS infinity
load average:2.81 2.99 3.01

CPU:total 8 (4 cores per cpu, 2 threads per core) family 6 model 70 stepping 1, cmov, cx8, fxsr, mmx, sse, sse2, sse3, ssse3, sse4.1, sse4.2, popcnt, avx, avx2, aes, clmul, erms, lzcnt, ht, tsc, tscinvbit, bmi1, bmi2

Memory: 4k page, physical 16777216k(3906204k free)

/proc/meminfo:


vm_info: Java HotSpot(TM) 64-Bit Server VM (25.101-b13) for bsd-amd64 JRE (1.8.0_101-b13), built on Jun 22 2016 02:42:15 by "java_re" with gcc 4.2.1 (Based on Apple Inc. build 5658) (LLVM build 2336.11.00)

time: Thu Feb  1 22:19:28 2018
elapsed time: 6 seconds (0d 0h 0m 6s)

