#
# A fatal error has been detected by the Java Runtime Environment:
#
#  SIGBUS (0xa) at pc=0x000000010bda4e92, pid=55217, tid=0x0000000000001c03
#
# JRE version: Java(TM) SE Runtime Environment (8.0_101-b13) (build 1.8.0_101-b13)
# Java VM: Java HotSpot(TM) 64-Bit Server VM (25.101-b13 mixed mode bsd-amd64 compressed oops)
# Problematic frame:
# C  [libzip.dylib+0x2e92]  newEntry+0x154
#
# Failed to write core dump. Core dumps have been disabled. To enable core dumping, try "ulimit -c unlimited" before starting Java again
#
# If you would like to submit a bug report, please visit:
#   http://bugreport.java.com/bugreport/crash.jsp
# The crash happened outside the Java Virtual Machine in native code.
# See problematic frame for where to report the bug.
#

---------------  T H R E A D  ---------------

Current thread (0x00007f85ce807000):  JavaThread "main" [_thread_in_native, id=7171, stack(0x00007000092e7000,0x00007000093e7000)]

siginfo: si_signo: 10 (SIGBUS), si_code: 2 (BUS_ADRERR), si_addr: 0x000000011373bc84

Registers:
RAX=0x00007f85cd718c80, RBX=0x000000011373bc78, RCX=0x0000000000000001, RDX=0x0000000000000100
RSP=0x00007000093e4380, RBP=0x00007000093e43e0, RSI=0x0000000000040000, RDI=0x00000000000001ad
R8 =0x0000000000000048, R9 =0x00007f85cf01acd0, R10=0x00000000fffc0000, R11=0x00006ff89e4a7d16
R12=0x00007f85ce847e00, R13=0x0000000000004710, R14=0x00000000c5fb444b, R15=0x00007f85cd430450
RIP=0x000000010bda4e92, EFLAGS=0x0000000000010206, ERR=0x0000000000000004
  TRAPNO=0x000000000000000e

Top of Stack: (sp=0x00007000093e4380)
0x00007000093e4380:   00007000093e5958 00000000093e5630
0x00007000093e4390:   00007000093e5620 000000011674b8f9
0x00007000093e43a0:   00007000093e43c0 00007f85cd718c80
0x00007000093e43b0:   00007f85cf01acd0 00007f85cd718c80
0x00007000093e43c0:   00007f85ce847e00 0000000000004710
0x00007000093e43d0:   00000000c5fb444b 00007f85cd430450
0x00007000093e43e0:   00007000093e4440 000000010bda552d
0x00007000093e43f0:   00007000093e447f 00007000093e447e
0x00007000093e4400:   0000001f00000000 0000002001807000
0x00007000093e4410:   00007000093e445e 00007000093e4928
0x00007000093e4420:   0000000000000020 00007000093e445e
0x00007000093e4430:   00007f85cd718c80 00007f85ce8071f8
0x00007000093e4440:   00007000093e4890 000000010bda4238
0x00007000093e4450:   00007000093e5780 6f73700000000001
0x00007000093e4460:   6f7774656e2f7363 2f65646f6e2f6b72
0x00007000093e4470:   3324726574756f52 00007373616c632e
0x00007000093e4480:   00007000093e44b0 000000010d04bb0a
0x00007000093e4490:   00007000093e44c0 0000000116788a3d
0x00007000093e44a0:   00007000093e4520 00007000093e44f0
0x00007000093e44b0:   00007000093e4af0 000000010cf3fecd
0x00007000093e44c0:   00007000093e5790 00000001167870cc
0x00007000093e44d0:   0000000116786650 0000000000000000
0x00007000093e44e0:   00007000093e5958 00007000093e5790
0x00007000093e44f0:   00007000093e5780 000000011674b8f9
0x00007000093e4500:   000000011674b890 0000000000000000
0x00007000093e4510:   00007000093e5780 00007000093e5780
0x00007000093e4520:   cafebabecafebabe 0000000000000000
0x00007000093e4530:   000000010f746e50 00007f85cf006320
0x00007000093e4540:   00007f85cf006320 000000010f8db8c0
0x00007000093e4550:   000070000f8eba10 000000010f76e0f0
0x00007000093e4560:   000000010f6c9148 0000010000000000
0x00007000093e4570:   00007000093e4780 000000011675d150 

Instructions: (pc=0x000000010bda4e92)
0x000000010bda4e72:   49 8b 7f 38 e8 5b 1b 00 00 4d 89 77 38 49 89 5f
0x000000010bda4e82:   40 4c 89 f0 48 85 c0 0f 84 11 05 00 00 48 89 c3
0x000000010bda4e92:   0f b6 43 0c 0f b6 4b 0d 48 c1 e1 08 48 01 c1 0f
0x000000010bda4ea2:   b6 43 0e 0f b6 53 0f 48 c1 e2 08 48 01 c2 48 c1 

Register to memory mapping:

RAX=0x00007f85cd718c80 is an unknown value
RBX=0x000000011373bc78 is an unknown value
RCX=0x0000000000000001 is an unknown value
RDX=0x0000000000000100 is an unknown value
RSP=0x00007000093e4380 is pointing into the stack for thread: 0x00007f85ce807000
RBP=0x00007000093e43e0 is pointing into the stack for thread: 0x00007f85ce807000
RSI=0x0000000000040000 is an unknown value
RDI=0x00000000000001ad is an unknown value
R8 =0x0000000000000048 is an unknown value
R9 =0x00007f85cf01acd0 is an unknown value
R10=0x00000000fffc0000 is an unknown value
R11=0x00006ff89e4a7d16 is an unknown value
R12=0x00007f85ce847e00 is an unknown value
R13=0x0000000000004710 is an unknown value
R14=0x00000000c5fb444b is an unknown value
R15=0x00007f85cd430450 is an unknown value


Stack: [0x00007000092e7000,0x00007000093e7000],  sp=0x00007000093e4380,  free space=1012k
Native frames: (J=compiled Java code, j=interpreted, Vv=VM code, C=native code)
C  [libzip.dylib+0x2e92]  newEntry+0x154
C  [libzip.dylib+0x352d]  ZIP_GetEntry2+0xd4
C  [libzip.dylib+0x2238]  Java_java_util_zip_ZipFile_getEntry+0xcf
j  java.util.zip.ZipFile.getEntry(J[BZ)J+0
j  java.util.zip.ZipFile.getEntry(Ljava/lang/String;)Ljava/util/zip/ZipEntry;+38
J 55 C1 sun.misc.URLClassPath$JarLoader.getResource(Ljava/lang/String;Z)Lsun/misc/Resource; (85 bytes) @ 0x0000000116770d9c [0x00000001167709c0+0x3dc]
j  sun.misc.URLClassPath.getResource(Ljava/lang/String;Z)Lsun/misc/Resource;+62
j  java.net.URLClassLoader$1.run()Ljava/lang/Class;+26
j  java.net.URLClassLoader$1.run()Ljava/lang/Object;+1
v  ~StubRoutines::call_stub
V  [libjvm.dylib+0x2ecf06]  JavaCalls::call_helper(JavaValue*, methodHandle*, JavaCallArguments*, Thread*)+0x6ae
V  [libjvm.dylib+0x34d69c]  JVM_DoPrivileged+0x4b8
j  java.security.AccessController.doPrivileged(Ljava/security/PrivilegedExceptionAction;Ljava/security/AccessControlContext;)Ljava/lang/Object;+0
j  java.net.URLClassLoader.findClass(Ljava/lang/String;)Ljava/lang/Class;+13
J 106 C1 java.lang.ClassLoader.loadClass(Ljava/lang/String;Z)Ljava/lang/Class; (122 bytes) @ 0x0000000116787324 [0x00000001167869c0+0x964]
j  sun.misc.Launcher$AppClassLoader.loadClass(Ljava/lang/String;Z)Ljava/lang/Class;+81
j  java.lang.ClassLoader.loadClass(Ljava/lang/String;)Ljava/lang/Class;+3
v  ~StubRoutines::call_stub
V  [libjvm.dylib+0x2ecf06]  JavaCalls::call_helper(JavaValue*, methodHandle*, JavaCallArguments*, Thread*)+0x6ae
V  [libjvm.dylib+0x2ed694]  JavaCalls::call_virtual(JavaValue*, KlassHandle, Symbol*, Symbol*, JavaCallArguments*, Thread*)+0x164
V  [libjvm.dylib+0x2ed7ec]  JavaCalls::call_virtual(JavaValue*, Handle, KlassHandle, Symbol*, Symbol*, Handle, Thread*)+0x56
V  [libjvm.dylib+0x53a818]  SystemDictionary::load_instance_class(Symbol*, Handle, Thread*)+0x2d8
V  [libjvm.dylib+0x539fb1]  SystemDictionary::resolve_instance_class_or_null(Symbol*, Handle, Handle, Thread*)+0x48f
V  [libjvm.dylib+0x53aa34]  SystemDictionary::resolve_or_null(Symbol*, Handle, Handle, Thread*)+0x106
V  [libjvm.dylib+0x53b0e7]  SystemDictionary::resolve_or_fail(Symbol*, Handle, Handle, bool, Thread*)+0x31
V  [libjvm.dylib+0x1e2582]  ConstantPool::klass_at_impl(constantPoolHandle, int, Thread*)+0x2ee
V  [libjvm.dylib+0x1f29ae]  ConstantPool::klass_at(int, Thread*)+0x92
V  [libjvm.dylib+0x2e8943]  InterpreterRuntime::_new(JavaThread*, ConstantPool*, int)+0x2d
j  socs.network.node.Router.heartBeat()V+29
j  socs.network.node.Router.<init>(Lsocs/network/util/Configuration;)V+185
j  socs.network.Main.main([Ljava/lang/String;)V+32
v  ~StubRoutines::call_stub
V  [libjvm.dylib+0x2ecf06]  JavaCalls::call_helper(JavaValue*, methodHandle*, JavaCallArguments*, Thread*)+0x6ae
V  [libjvm.dylib+0x323d7a]  jni_invoke_static(JNIEnv_*, JavaValue*, _jobject*, JNICallType, _jmethodID*, JNI_ArgumentPusher*, Thread*)+0x1bf
V  [libjvm.dylib+0x31caf1]  jni_CallStaticVoidMethod+0x15d
C  [java+0x3931]  JavaMain+0x9c4
C  [libsystem_pthread.dylib+0x393b]  _pthread_body+0xb4
C  [libsystem_pthread.dylib+0x3887]  _pthread_body+0x0
C  [libsystem_pthread.dylib+0x308d]  thread_start+0xd
C  0x0000000000000000

Java frames: (J=compiled Java code, j=interpreted, Vv=VM code)
j  java.util.zip.ZipFile.getEntry(J[BZ)J+0
j  java.util.zip.ZipFile.getEntry(Ljava/lang/String;)Ljava/util/zip/ZipEntry;+38
J 55 C1 sun.misc.URLClassPath$JarLoader.getResource(Ljava/lang/String;Z)Lsun/misc/Resource; (85 bytes) @ 0x0000000116770d9c [0x00000001167709c0+0x3dc]
j  sun.misc.URLClassPath.getResource(Ljava/lang/String;Z)Lsun/misc/Resource;+62
j  java.net.URLClassLoader$1.run()Ljava/lang/Class;+26
j  java.net.URLClassLoader$1.run()Ljava/lang/Object;+1
v  ~StubRoutines::call_stub
j  java.security.AccessController.doPrivileged(Ljava/security/PrivilegedExceptionAction;Ljava/security/AccessControlContext;)Ljava/lang/Object;+0
j  java.net.URLClassLoader.findClass(Ljava/lang/String;)Ljava/lang/Class;+13
J 106 C1 java.lang.ClassLoader.loadClass(Ljava/lang/String;Z)Ljava/lang/Class; (122 bytes) @ 0x0000000116787324 [0x00000001167869c0+0x964]
j  sun.misc.Launcher$AppClassLoader.loadClass(Ljava/lang/String;Z)Ljava/lang/Class;+81
j  java.lang.ClassLoader.loadClass(Ljava/lang/String;)Ljava/lang/Class;+3
v  ~StubRoutines::call_stub
j  socs.network.node.Router.heartBeat()V+29
j  socs.network.node.Router.<init>(Lsocs/network/util/Configuration;)V+185
j  socs.network.Main.main([Ljava/lang/String;)V+32
v  ~StubRoutines::call_stub

---------------  P R O C E S S  ---------------

Java Threads: ( => current thread )
  0x00007f85cd853800 JavaThread "Thread-0" [_thread_in_native, id=22275, stack(0x000070000a620000,0x000070000a720000)]
  0x00007f85ce008800 JavaThread "Service Thread" daemon [_thread_blocked, id=21251, stack(0x000070000a41a000,0x000070000a51a000)]
  0x00007f85ce81a800 JavaThread "C1 CompilerThread3" daemon [_thread_blocked, id=20739, stack(0x000070000a317000,0x000070000a417000)]
  0x00007f85ce819800 JavaThread "C2 CompilerThread2" daemon [_thread_blocked, id=20227, stack(0x000070000a214000,0x000070000a314000)]
  0x00007f85ce814000 JavaThread "C2 CompilerThread1" daemon [_thread_blocked, id=19715, stack(0x000070000a111000,0x000070000a211000)]
  0x00007f85cd853000 JavaThread "C2 CompilerThread0" daemon [_thread_blocked, id=19203, stack(0x000070000a00e000,0x000070000a10e000)]
  0x00007f85cd852000 JavaThread "Signal Dispatcher" daemon [_thread_blocked, id=18691, stack(0x0000700009f0b000,0x000070000a00b000)]
  0x00007f85cd80b800 JavaThread "Finalizer" daemon [_thread_blocked, id=14595, stack(0x0000700009e08000,0x0000700009f08000)]
  0x00007f85cd808800 JavaThread "Reference Handler" daemon [_thread_blocked, id=14083, stack(0x0000700009d05000,0x0000700009e05000)]
=>0x00007f85ce807000 JavaThread "main" [_thread_in_native, id=7171, stack(0x00007000092e7000,0x00007000093e7000)]

Other Threads:
  0x00007f85cf852800 VMThread [stack: 0x0000700009c02000,0x0000700009d02000] [id=13571]
  0x00007f85cd825000 WatcherThread [stack: 0x000070000a51d000,0x000070000a61d000] [id=21763]

VM state:not at safepoint (normal execution)

VM Mutex/Monitor currently owned by a thread: None

Heap:
 PSYoungGen      total 76288K, used 6553K [0x000000076ab00000, 0x0000000770000000, 0x00000007c0000000)
  eden space 65536K, 10% used [0x000000076ab00000,0x000000076b1666a0,0x000000076eb00000)
  from space 10752K, 0% used [0x000000076f580000,0x000000076f580000,0x0000000770000000)
  to   space 10752K, 0% used [0x000000076eb00000,0x000000076eb00000,0x000000076f580000)
 ParOldGen       total 175104K, used 0K [0x00000006c0000000, 0x00000006cab00000, 0x000000076ab00000)
  object space 175104K, 0% used [0x00000006c0000000,0x00000006c0000000,0x00000006cab00000)
 Metaspace       used 3850K, capacity 5176K, committed 5376K, reserved 1056768K
  class space    used 431K, capacity 488K, committed 512K, reserved 1048576K

Card table byte_map: [0x000000010e15d000,0x000000010e95e000] byte_map_base: 0x000000010ab5d000

Marking Bits: (ParMarkBitMap*) 0x000000010d6edd20
 Begin Bits: [0x0000000125650000, 0x0000000129650000)
 End Bits:   [0x0000000129650000, 0x000000012d650000)

Polling page: 0x000000010bd98000

CodeCache: size=245760Kb used=1340Kb max_used=1340Kb free=244419Kb
 bounds [0x0000000116650000, 0x00000001168c0000, 0x0000000125650000]
 total_blobs=399 nmethods=150 adapters=163
 compilation: enabled

Compilation events (10 events):
Event: 0.143 Thread 0x00007f85ce81a800  146       1       sun.misc.URLClassPath$Loader::getBaseURL (5 bytes)
Event: 0.143 Thread 0x00007f85ce81a800 nmethod 146 0x000000011679d810 code [0x000000011679d960, 0x000000011679da70]
Event: 0.143 Thread 0x00007f85ce81a800  147       1       java.util.jar.Manifest::getEntries (5 bytes)
Event: 0.143 Thread 0x00007f85ce81a800 nmethod 147 0x000000011679d550 code [0x000000011679d6a0, 0x000000011679d7b0]
Event: 0.143 Thread 0x00007f85ce81a800  148       1       java.util.jar.JarFile::access$300 (5 bytes)
Event: 0.143 Thread 0x00007f85ce81a800 nmethod 148 0x000000011679d290 code [0x000000011679d3e0, 0x000000011679d4d0]
Event: 0.143 Thread 0x00007f85ce81a800  143       1       sun.misc.URLClassPath$JarLoader::access$500 (5 bytes)
Event: 0.143 Thread 0x00007f85ce81a800 nmethod 143 0x000000011679cfd0 code [0x000000011679d120, 0x000000011679d210]
Event: 0.143 Thread 0x00007f85ce81a800  145       1       java.util.jar.Manifest::getMainAttributes (5 bytes)
Event: 0.143 Thread 0x00007f85ce81a800 nmethod 145 0x000000011679cd10 code [0x000000011679ce60, 0x000000011679cf70]

GC Heap History (0 events):
No events

Deoptimization events (0 events):
No events

Internal exceptions (2 events):
Event: 0.026 Thread 0x00007f85ce807000 Exception <a 'java/lang/NoSuchMethodError': Method sun.misc.Unsafe.defineClass(Ljava/lang/String;[BII)Ljava/lang/Class; name or signature does not match> (0x000000076ab07cc0) thrown at [/HUDSON3/workspace/8-2-build-macosx-x86_64/jdk8u101/7261/hotspot/src/
Event: 0.026 Thread 0x00007f85ce807000 Exception <a 'java/lang/NoSuchMethodError': Method sun.misc.Unsafe.prefetchRead(Ljava/lang/Object;J)V name or signature does not match> (0x000000076ab07fa8) thrown at [/HUDSON3/workspace/8-2-build-macosx-x86_64/jdk8u101/7261/hotspot/src/share/vm/prims/jni

Events (10 events):
Event: 0.149 loading class java/net/InterfaceAddress
Event: 0.149 loading class java/net/InterfaceAddress done
Event: 0.149 loading class java/net/DefaultInterface
Event: 0.149 loading class java/net/DefaultInterface done
Event: 0.150 loading class java/net/NetworkInterface$2
Event: 0.150 loading class java/net/NetworkInterface$2 done
Event: 4.092 Executing VM operation: EnableBiasedLocking
Event: 4.092 Executing VM operation: EnableBiasedLocking done
Event: 5.145 loading class socs/network/node/Router$3
Event: 5.145 loading class socs/network/node/Router$3 done


Dynamic libraries:
0x0000000008706000 	/System/Library/Frameworks/Cocoa.framework/Versions/A/Cocoa
0x0000000008706000 	/System/Library/Frameworks/Security.framework/Versions/A/Security
0x0000000008706000 	/System/Library/Frameworks/ApplicationServices.framework/Versions/A/ApplicationServices
0x0000000008706000 	/usr/lib/libz.1.dylib
0x0000000008706000 	/usr/lib/libSystem.B.dylib
0x0000000008706000 	/usr/lib/libobjc.A.dylib
0x0000000008706000 	/System/Library/Frameworks/CoreFoundation.framework/Versions/A/CoreFoundation
0x0000000008706000 	/System/Library/Frameworks/Foundation.framework/Versions/C/Foundation
0x0000000008706000 	/System/Library/Frameworks/AppKit.framework/Versions/C/AppKit
0x0000000008706000 	/System/Library/Frameworks/CoreData.framework/Versions/A/CoreData
0x0000000008706000 	/System/Library/PrivateFrameworks/RemoteViewServices.framework/Versions/A/RemoteViewServices
0x0000000008706000 	/System/Library/PrivateFrameworks/UIFoundation.framework/Versions/A/UIFoundation
0x0000000008706000 	/System/Library/PrivateFrameworks/DFRFoundation.framework/Versions/A/DFRFoundation
0x0000000008706000 	/usr/lib/libenergytrace.dylib
0x0000000008706000 	/System/Library/PrivateFrameworks/SkyLight.framework/Versions/A/SkyLight
0x0000000008706000 	/System/Library/Frameworks/CoreGraphics.framework/Versions/A/CoreGraphics
0x0000000008706000 	/usr/lib/libScreenReader.dylib
0x0000000008706000 	/System/Library/Frameworks/Accelerate.framework/Versions/A/Accelerate
0x0000000008706000 	/System/Library/Frameworks/IOSurface.framework/Versions/A/IOSurface
0x0000000008706000 	/System/Library/Frameworks/AudioToolbox.framework/Versions/A/AudioToolbox
0x0000000008706000 	/System/Library/Frameworks/AudioUnit.framework/Versions/A/AudioUnit
0x0000000008706000 	/System/Library/PrivateFrameworks/DataDetectorsCore.framework/Versions/A/DataDetectorsCore
0x0000000008706000 	/System/Library/PrivateFrameworks/DesktopServicesPriv.framework/Versions/A/DesktopServicesPriv
0x0000000008706000 	/System/Library/Frameworks/Carbon.framework/Versions/A/Frameworks/HIToolbox.framework/Versions/A/HIToolbox
0x0000000008706000 	/usr/lib/libicucore.A.dylib
0x0000000008706000 	/System/Library/Frameworks/QuartzCore.framework/Versions/A/QuartzCore
0x0000000008706000 	/System/Library/Frameworks/Carbon.framework/Versions/A/Frameworks/SpeechRecognition.framework/Versions/A/SpeechRecognition
0x0000000008706000 	/usr/lib/libauto.dylib
0x0000000008706000 	/usr/lib/libxml2.2.dylib
0x0000000008706000 	/System/Library/PrivateFrameworks/CoreUI.framework/Versions/A/CoreUI
0x0000000008706000 	/System/Library/Frameworks/CoreAudio.framework/Versions/A/CoreAudio
0x0000000008706000 	/System/Library/Frameworks/DiskArbitration.framework/Versions/A/DiskArbitration
0x0000000008706000 	/usr/lib/liblangid.dylib
0x0000000008706000 	/System/Library/PrivateFrameworks/MultitouchSupport.framework/Versions/A/MultitouchSupport
0x0000000008706000 	/System/Library/Frameworks/IOKit.framework/Versions/A/IOKit
0x0000000008706000 	/usr/lib/libDiagnosticMessagesClient.dylib
0x0000000008706000 	/System/Library/Frameworks/CoreServices.framework/Versions/A/CoreServices
0x0000000008706000 	/System/Library/PrivateFrameworks/PerformanceAnalysis.framework/Versions/A/PerformanceAnalysis
0x0000000008706000 	/System/Library/PrivateFrameworks/GenerationalStorage.framework/Versions/A/GenerationalStorage
0x0000000008706000 	/System/Library/Frameworks/OpenGL.framework/Versions/A/OpenGL
0x0000000008706000 	/System/Library/Frameworks/CoreImage.framework/Versions/A/CoreImage
0x0000000008706000 	/System/Library/Frameworks/CoreText.framework/Versions/A/CoreText
0x0000000008706000 	/System/Library/Frameworks/ImageIO.framework/Versions/A/ImageIO
0x0000000008706000 	/System/Library/PrivateFrameworks/Backup.framework/Versions/A/Backup
0x0000000008706000 	/usr/lib/libarchive.2.dylib
0x0000000008706000 	/System/Library/Frameworks/CFNetwork.framework/Versions/A/CFNetwork
0x0000000008706000 	/System/Library/Frameworks/SystemConfiguration.framework/Versions/A/SystemConfiguration
0x0000000008706000 	/usr/lib/libCRFSuite.dylib
0x0000000008706000 	/usr/lib/libc++.1.dylib
0x0000000008706000 	/usr/lib/libc++abi.dylib
0x0000000008706000 	/usr/lib/system/libcache.dylib
0x0000000008706000 	/usr/lib/system/libcommonCrypto.dylib
0x0000000008706000 	/usr/lib/system/libcompiler_rt.dylib
0x0000000008706000 	/usr/lib/system/libcopyfile.dylib
0x0000000008706000 	/usr/lib/system/libcorecrypto.dylib
0x0000000008706000 	/usr/lib/system/libdispatch.dylib
0x0000000008706000 	/usr/lib/system/libdyld.dylib
0x0000000008706000 	/usr/lib/system/libkeymgr.dylib
0x0000000008706000 	/usr/lib/system/liblaunch.dylib
0x0000000008706000 	/usr/lib/system/libmacho.dylib
0x0000000008706000 	/usr/lib/system/libquarantine.dylib
0x0000000008706000 	/usr/lib/system/libremovefile.dylib
0x0000000008706000 	/usr/lib/system/libsystem_asl.dylib
0x0000000008706000 	/usr/lib/system/libsystem_blocks.dylib
0x0000000008706000 	/usr/lib/system/libsystem_c.dylib
0x0000000008706000 	/usr/lib/system/libsystem_configuration.dylib
0x0000000008706000 	/usr/lib/system/libsystem_coreservices.dylib
0x0000000008706000 	/usr/lib/system/libsystem_coretls.dylib
0x0000000008706000 	/usr/lib/system/libsystem_dnssd.dylib
0x0000000008706000 	/usr/lib/system/libsystem_info.dylib
0x0000000008706000 	/usr/lib/system/libsystem_kernel.dylib
0x0000000008706000 	/usr/lib/system/libsystem_m.dylib
0x0000000008706000 	/usr/lib/system/libsystem_malloc.dylib
0x0000000008706000 	/usr/lib/system/libsystem_network.dylib
0x0000000008706000 	/usr/lib/system/libsystem_networkextension.dylib
0x0000000008706000 	/usr/lib/system/libsystem_notify.dylib
0x0000000008706000 	/usr/lib/system/libsystem_platform.dylib
0x0000000008706000 	/usr/lib/system/libsystem_pthread.dylib
0x0000000008706000 	/usr/lib/system/libsystem_sandbox.dylib
0x0000000008706000 	/usr/lib/system/libsystem_secinit.dylib
0x0000000008706000 	/usr/lib/system/libsystem_symptoms.dylib
0x0000000008706000 	/usr/lib/system/libsystem_trace.dylib
0x0000000008706000 	/usr/lib/system/libunwind.dylib
0x0000000008706000 	/usr/lib/system/libxpc.dylib
0x0000000008706000 	/usr/lib/libbsm.0.dylib
0x0000000008706000 	/usr/lib/system/libkxld.dylib
0x0000000008706000 	/usr/lib/libcoretls.dylib
0x0000000008706000 	/usr/lib/libcoretls_cfhelpers.dylib
0x0000000008706000 	/usr/lib/libOpenScriptingUtil.dylib
0x0000000008706000 	/usr/lib/libpam.2.dylib
0x0000000008706000 	/usr/lib/libsqlite3.dylib
0x0000000008706000 	/usr/lib/libxar.1.dylib
0x0000000008706000 	/usr/lib/libbz2.1.0.dylib
0x0000000008706000 	/usr/lib/liblzma.5.dylib
0x0000000008706000 	/usr/lib/libnetwork.dylib
0x0000000008706000 	/usr/lib/libpcap.A.dylib
0x0000000008706000 	/System/Library/Frameworks/CoreServices.framework/Versions/A/Frameworks/FSEvents.framework/Versions/A/FSEvents
0x0000000008706000 	/System/Library/Frameworks/CoreServices.framework/Versions/A/Frameworks/CarbonCore.framework/Versions/A/CarbonCore
0x0000000008706000 	/System/Library/Frameworks/CoreServices.framework/Versions/A/Frameworks/Metadata.framework/Versions/A/Metadata
0x0000000008706000 	/System/Library/Frameworks/CoreServices.framework/Versions/A/Frameworks/OSServices.framework/Versions/A/OSServices
0x0000000008706000 	/System/Library/Frameworks/CoreServices.framework/Versions/A/Frameworks/SearchKit.framework/Versions/A/SearchKit
0x0000000008706000 	/System/Library/Frameworks/CoreServices.framework/Versions/A/Frameworks/AE.framework/Versions/A/AE
0x0000000008706000 	/System/Library/Frameworks/CoreServices.framework/Versions/A/Frameworks/LaunchServices.framework/Versions/A/LaunchServices
0x0000000008706000 	/System/Library/Frameworks/CoreServices.framework/Versions/A/Frameworks/DictionaryServices.framework/Versions/A/DictionaryServices
0x0000000008706000 	/System/Library/Frameworks/CoreServices.framework/Versions/A/Frameworks/SharedFileList.framework/Versions/A/SharedFileList
0x0000000008706000 	/System/Library/Frameworks/NetFS.framework/Versions/A/NetFS
0x0000000008706000 	/System/Library/PrivateFrameworks/NetAuth.framework/Versions/A/NetAuth
0x0000000008706000 	/System/Library/PrivateFrameworks/login.framework/Versions/A/Frameworks/loginsupport.framework/Versions/A/loginsupport
0x0000000008706000 	/System/Library/PrivateFrameworks/TCC.framework/Versions/A/TCC
0x0000000008706000 	/usr/lib/libmecabra.dylib
0x0000000008706000 	/System/Library/Frameworks/ApplicationServices.framework/Versions/A/Frameworks/ATS.framework/Versions/A/ATS
0x0000000008706000 	/System/Library/Frameworks/ApplicationServices.framework/Versions/A/Frameworks/ColorSync.framework/Versions/A/ColorSync
0x0000000008706000 	/System/Library/Frameworks/ApplicationServices.framework/Versions/A/Frameworks/HIServices.framework/Versions/A/HIServices
0x0000000008706000 	/System/Library/Frameworks/ApplicationServices.framework/Versions/A/Frameworks/LangAnalysis.framework/Versions/A/LangAnalysis
0x0000000008706000 	/System/Library/Frameworks/ApplicationServices.framework/Versions/A/Frameworks/PrintCore.framework/Versions/A/PrintCore
0x0000000008706000 	/System/Library/Frameworks/ApplicationServices.framework/Versions/A/Frameworks/QD.framework/Versions/A/QD
0x0000000008706000 	/System/Library/Frameworks/ApplicationServices.framework/Versions/A/Frameworks/SpeechSynthesis.framework/Versions/A/SpeechSynthesis
0x0000000008706000 	/System/Library/Frameworks/Accelerate.framework/Versions/A/Frameworks/vImage.framework/Versions/A/vImage
0x0000000008706000 	/System/Library/Frameworks/Accelerate.framework/Versions/A/Frameworks/vecLib.framework/Versions/A/vecLib
0x0000000008706000 	/System/Library/Frameworks/Accelerate.framework/Versions/A/Frameworks/vecLib.framework/Versions/A/libvDSP.dylib
0x0000000008706000 	/System/Library/Frameworks/Accelerate.framework/Versions/A/Frameworks/vecLib.framework/Versions/A/libBNNS.dylib
0x0000000008706000 	/System/Library/Frameworks/Accelerate.framework/Versions/A/Frameworks/vecLib.framework/Versions/A/libQuadrature.dylib
0x0000000008706000 	/System/Library/Frameworks/Accelerate.framework/Versions/A/Frameworks/vecLib.framework/Versions/A/libvMisc.dylib
0x0000000008706000 	/System/Library/Frameworks/Accelerate.framework/Versions/A/Frameworks/vecLib.framework/Versions/A/libLAPACK.dylib
0x0000000008706000 	/System/Library/Frameworks/Accelerate.framework/Versions/A/Frameworks/vecLib.framework/Versions/A/libBLAS.dylib
0x0000000008706000 	/System/Library/Frameworks/Accelerate.framework/Versions/A/Frameworks/vecLib.framework/Versions/A/libLinearAlgebra.dylib
0x0000000008706000 	/System/Library/Frameworks/Accelerate.framework/Versions/A/Frameworks/vecLib.framework/Versions/A/libSparseBLAS.dylib
0x0000000008706000 	/System/Library/Frameworks/ApplicationServices.framework/Versions/A/Frameworks/ATS.framework/Versions/A/Resources/libFontParser.dylib
0x0000000008706000 	/System/Library/Frameworks/ApplicationServices.framework/Versions/A/Frameworks/ATS.framework/Versions/A/Resources/libFontRegistry.dylib
0x0000000008706000 	/System/Library/Frameworks/ImageIO.framework/Versions/A/Resources/libJPEG.dylib
0x0000000008706000 	/System/Library/Frameworks/ImageIO.framework/Versions/A/Resources/libTIFF.dylib
0x0000000008706000 	/System/Library/Frameworks/ImageIO.framework/Versions/A/Resources/libPng.dylib
0x0000000008706000 	/System/Library/Frameworks/ImageIO.framework/Versions/A/Resources/libGIF.dylib
0x0000000008706000 	/System/Library/Frameworks/ImageIO.framework/Versions/A/Resources/libJP2.dylib
0x0000000008706000 	/System/Library/Frameworks/ImageIO.framework/Versions/A/Resources/libRadiance.dylib
0x0000000008706000 	/usr/lib/libcompression.dylib
0x0000000008706000 	/System/Library/PrivateFrameworks/AppleJPEG.framework/Versions/A/AppleJPEG
0x0000000008706000 	/usr/lib/libcups.2.dylib
0x0000000008706000 	/System/Library/Frameworks/Kerberos.framework/Versions/A/Kerberos
0x0000000008706000 	/System/Library/Frameworks/GSS.framework/Versions/A/GSS
0x0000000008706000 	/usr/lib/libresolv.9.dylib
0x0000000008706000 	/usr/lib/libiconv.2.dylib
0x0000000008706000 	/System/Library/PrivateFrameworks/Heimdal.framework/Versions/A/Heimdal
0x0000000008706000 	/usr/lib/libheimdal-asn1.dylib
0x0000000008706000 	/System/Library/Frameworks/OpenDirectory.framework/Versions/A/OpenDirectory
0x0000000008706000 	/System/Library/PrivateFrameworks/CommonAuth.framework/Versions/A/CommonAuth
0x0000000008706000 	/System/Library/Frameworks/OpenDirectory.framework/Versions/A/Frameworks/CFOpenDirectory.framework/Versions/A/CFOpenDirectory
0x0000000008706000 	/System/Library/Frameworks/SecurityFoundation.framework/Versions/A/SecurityFoundation
0x0000000008706000 	/System/Library/PrivateFrameworks/LanguageModeling.framework/Versions/A/LanguageModeling
0x0000000008706000 	/usr/lib/libmarisa.dylib
0x0000000008706000 	/usr/lib/libChineseTokenizer.dylib
0x0000000008706000 	/usr/lib/libcmph.dylib
0x0000000008706000 	/System/Library/PrivateFrameworks/CoreEmoji.framework/Versions/A/CoreEmoji
0x0000000008706000 	/System/Library/Frameworks/ServiceManagement.framework/Versions/A/ServiceManagement
0x0000000008706000 	/usr/lib/libxslt.1.dylib
0x0000000008706000 	/System/Library/Frameworks/Carbon.framework/Versions/A/Frameworks/Ink.framework/Versions/A/Ink
0x0000000008706000 	/System/Library/PrivateFrameworks/TextureIO.framework/Versions/A/TextureIO
0x0000000008706000 	/System/Library/Frameworks/Metal.framework/Versions/A/Metal
0x0000000008706000 	/usr/lib/libate.dylib
0x0000000008706000 	/System/Library/PrivateFrameworks/GPUCompiler.framework/libmetal_timestamp.dylib
0x0000000008706000 	/System/Library/Frameworks/OpenGL.framework/Versions/A/Libraries/libCoreFSCache.dylib
0x0000000008706000 	/System/Library/PrivateFrameworks/IOAccelerator.framework/Versions/A/IOAccelerator
0x0000000008706000 	/System/Library/Frameworks/CoreVideo.framework/Versions/A/CoreVideo
0x0000000008706000 	/usr/lib/libFosl_dynamic.dylib
0x0000000008706000 	/System/Library/PrivateFrameworks/MetalPerformanceShaders.framework/Versions/A/MetalPerformanceShaders
0x0000000008706000 	/System/Library/PrivateFrameworks/FaceCore.framework/Versions/A/FaceCore
0x0000000008706000 	/System/Library/Frameworks/OpenCL.framework/Versions/A/OpenCL
0x0000000008706000 	/System/Library/Frameworks/OpenGL.framework/Versions/A/Libraries/libGLU.dylib
0x0000000008706000 	/System/Library/Frameworks/OpenGL.framework/Versions/A/Libraries/libGFXShared.dylib
0x0000000008706000 	/System/Library/Frameworks/OpenGL.framework/Versions/A/Libraries/libGL.dylib
0x0000000008706000 	/System/Library/Frameworks/OpenGL.framework/Versions/A/Libraries/libGLImage.dylib
0x0000000008706000 	/System/Library/Frameworks/OpenGL.framework/Versions/A/Libraries/libCVMSPluginSupport.dylib
0x0000000008706000 	/System/Library/Frameworks/OpenGL.framework/Versions/A/Libraries/libCoreVMClient.dylib
0x0000000008706000 	/System/Library/PrivateFrameworks/CrashReporterSupport.framework/Versions/A/CrashReporterSupport
0x0000000008706000 	/System/Library/PrivateFrameworks/Sharing.framework/Versions/A/Sharing
0x0000000008706000 	/System/Library/PrivateFrameworks/IconServices.framework/Versions/A/IconServices
0x0000000008706000 	/System/Library/PrivateFrameworks/ProtocolBuffer.framework/Versions/A/ProtocolBuffer
0x0000000008706000 	/System/Library/PrivateFrameworks/Apple80211.framework/Versions/A/Apple80211
0x0000000008706000 	/System/Library/Frameworks/CoreWLAN.framework/Versions/A/CoreWLAN
0x0000000008706000 	/System/Library/PrivateFrameworks/CoreUtils.framework/Versions/A/CoreUtils
0x0000000008706000 	/System/Library/Frameworks/IOBluetooth.framework/Versions/A/IOBluetooth
0x0000000008706000 	/System/Library/PrivateFrameworks/CoreWiFi.framework/Versions/A/CoreWiFi
0x0000000008706000 	/System/Library/Frameworks/CoreBluetooth.framework/Versions/A/CoreBluetooth
0x0000000008706000 	/System/Library/Frameworks/CoreDisplay.framework/Versions/A/CoreDisplay
0x0000000008706000 	/System/Library/PrivateFrameworks/IOPresentment.framework/Versions/A/IOPresentment
0x0000000008706000 	/System/Library/PrivateFrameworks/DSExternalDisplay.framework/Versions/A/DSExternalDisplay
0x0000000008706000 	/System/Library/PrivateFrameworks/DebugSymbols.framework/Versions/A/DebugSymbols
0x0000000008706000 	/System/Library/PrivateFrameworks/CoreSymbolication.framework/Versions/A/CoreSymbolication
0x0000000008706000 	/System/Library/PrivateFrameworks/Symbolication.framework/Versions/A/Symbolication
0x0000000008706000 	/System/Library/PrivateFrameworks/AppleFSCompression.framework/Versions/A/AppleFSCompression
0x0000000008706000 	/System/Library/PrivateFrameworks/SpeechRecognitionCore.framework/Versions/A/SpeechRecognitionCore
0x0000000008706000 	/System/Library/PrivateFrameworks/ChunkingLibrary.framework/Versions/A/ChunkingLibrary
0x000000010ce00000 	/Library/Java/JavaVirtualMachines/jdk1.8.0_101.jdk/Contents/Home/jre/lib/server/libjvm.dylib
0x0000000008706000 	/usr/lib/libstdc++.6.dylib
0x000000010bd55000 	/Library/Java/JavaVirtualMachines/jdk1.8.0_101.jdk/Contents/Home/jre/lib/libverify.dylib
0x000000010bd63000 	/Library/Java/JavaVirtualMachines/jdk1.8.0_101.jdk/Contents/Home/jre/lib/libjava.dylib
0x000000010bda2000 	/Library/Java/JavaVirtualMachines/jdk1.8.0_101.jdk/Contents/Home/jre/lib/libzip.dylib
0x0000000111ddb000 	/System/Library/Frameworks/JavaVM.framework/Frameworks/JavaRuntimeSupport.framework/JavaRuntimeSupport
0x0000000111df5000 	/System/Library/Frameworks/JavaVM.framework/Versions/A/Frameworks/JavaNativeFoundation.framework/Versions/A/JavaNativeFoundation
0x0000000111e0a000 	/System/Library/Frameworks/JavaVM.framework/Versions/A/JavaVM
0x0000000008706000 	/System/Library/Frameworks/Carbon.framework/Versions/A/Carbon
0x0000000111e17000 	/System/Library/PrivateFrameworks/JavaLaunching.framework/Versions/A/JavaLaunching
0x0000000008706000 	/System/Library/Frameworks/Carbon.framework/Versions/A/Frameworks/CommonPanels.framework/Versions/A/CommonPanels
0x0000000008706000 	/System/Library/Frameworks/Carbon.framework/Versions/A/Frameworks/Help.framework/Versions/A/Help
0x0000000008706000 	/System/Library/Frameworks/Carbon.framework/Versions/A/Frameworks/ImageCapture.framework/Versions/A/ImageCapture
0x0000000008706000 	/System/Library/Frameworks/Carbon.framework/Versions/A/Frameworks/OpenScripting.framework/Versions/A/OpenScripting
0x0000000008706000 	/System/Library/Frameworks/Carbon.framework/Versions/A/Frameworks/Print.framework/Versions/A/Print
0x0000000008706000 	/System/Library/Frameworks/Carbon.framework/Versions/A/Frameworks/SecurityHI.framework/Versions/A/SecurityHI
0x000000011373c000 	/Library/Java/JavaVirtualMachines/jdk1.8.0_101.jdk/Contents/Home/jre/lib/libnet.dylib

VM Arguments:
java_command: COMP535-1.0-SNAPSHOT-jar-with-dependencies.jar ../conf/router3.conf
java_class_path (initial): COMP535-1.0-SNAPSHOT-jar-with-dependencies.jar
Launcher Type: SUN_STANDARD

Environment Variables:
PATH=/Library/Frameworks/Python.framework/Versions/3.6/bin:/Library/Frameworks/Python.framework/Versions/2.7/bin:/usr/local/bin:/usr/bin:/bin:/usr/sbin:/sbin:/usr/local/go/bin:/Applications/Wireshark.app/Contents/MacOS:/Users/Alex/Documents/Source_Codes/go/bin:/usr/local/opt/go/libexec/bin
SHELL=/bin/bash

Signal Handlers:
SIGSEGV: [libjvm.dylib+0x5af145], sa_mask[0]=11111111011111110111111111111111, sa_flags=SA_ONSTACK|SA_RESTART|SA_SIGINFO
SIGBUS: [libjvm.dylib+0x5af145], sa_mask[0]=11111111011111110111111111111111, sa_flags=SA_RESTART|SA_SIGINFO
SIGFPE: [libjvm.dylib+0x48694c], sa_mask[0]=11111111011111110111111111111111, sa_flags=SA_RESTART|SA_SIGINFO
SIGPIPE: [libjvm.dylib+0x48694c], sa_mask[0]=11111111011111110111111111111111, sa_flags=SA_RESTART|SA_SIGINFO
SIGXFSZ: [libjvm.dylib+0x48694c], sa_mask[0]=11111111011111110111111111111111, sa_flags=SA_RESTART|SA_SIGINFO
SIGILL: [libjvm.dylib+0x48694c], sa_mask[0]=11111111011111110111111111111111, sa_flags=SA_RESTART|SA_SIGINFO
SIGUSR1: SIG_DFL, sa_mask[0]=11011111011111100000000111000110, sa_flags=none
SIGUSR2: [libjvm.dylib+0x48646a], sa_mask[0]=00000000000000000000000000000000, sa_flags=SA_RESTART|SA_SIGINFO
SIGHUP: [libjvm.dylib+0x484a41], sa_mask[0]=11111111011111110111111111111111, sa_flags=SA_RESTART|SA_SIGINFO
SIGINT: [libjvm.dylib+0x484a41], sa_mask[0]=11111111011111110111111111111111, sa_flags=SA_RESTART|SA_SIGINFO
SIGTERM: [libjvm.dylib+0x484a41], sa_mask[0]=11111111011111110111111111111111, sa_flags=SA_RESTART|SA_SIGINFO
SIGQUIT: [libjvm.dylib+0x484a41], sa_mask[0]=11111111011111110111111111111111, sa_flags=SA_RESTART|SA_SIGINFO


---------------  S Y S T E M  ---------------

OS:Bsduname:Darwin 16.7.0 Darwin Kernel Version 16.7.0: Thu Jun 15 17:36:27 PDT 2017; root:xnu-3789.70.16~2/RELEASE_X86_64 x86_64
rlimit: STACK 8192k, CORE 0k, NPROC 709, NOFILE 10240, AS infinity
load average:3.20 2.59 2.46

CPU:total 8 (4 cores per cpu, 2 threads per core) family 6 model 70 stepping 1, cmov, cx8, fxsr, mmx, sse, sse2, sse3, ssse3, sse4.1, sse4.2, popcnt, avx, avx2, aes, clmul, erms, lzcnt, ht, tsc, tscinvbit, bmi1, bmi2

Memory: 4k page, physical 16777216k(2082956k free)

/proc/meminfo:


vm_info: Java HotSpot(TM) 64-Bit Server VM (25.101-b13) for bsd-amd64 JRE (1.8.0_101-b13), built on Jun 22 2016 02:42:15 by "java_re" with gcc 4.2.1 (Based on Apple Inc. build 5658) (LLVM build 2336.11.00)

time: Tue Apr  3 21:15:45 2018
elapsed time: 5 seconds (0d 0h 0m 5s)

