#
# A fatal error has been detected by the Java Runtime Environment:
#
#  SIGBUS (0xa) at pc=0x00000001027a9e92, pid=55786, tid=0x0000000000005903
#
# JRE version: Java(TM) SE Runtime Environment (8.0_101-b13) (build 1.8.0_101-b13)
# Java VM: Java HotSpot(TM) 64-Bit Server VM (25.101-b13 mixed mode bsd-amd64 compressed oops)
# Problematic frame:
# C  [libzip.dylib+0x2e92]  newEntry+0x154
#
# Failed to write core dump. Core dumps have been disabled. To enable core dumping, try "ulimit -c unlimited" before starting Java again
#
# If you would like to submit a bug report, please visit:
#   http://bugreport.java.com/bugreport/crash.jsp
# The crash happened outside the Java Virtual Machine in native code.
# See problematic frame for where to report the bug.
#

---------------  T H R E A D  ---------------

Current thread (0x00007fa54c031800):  JavaThread "Thread-1" [_thread_in_native, id=22787, stack(0x00007000047ee000,0x00007000048ee000)]

siginfo: si_signo: 10 (SIGBUS), si_code: 2 (BUS_ADRERR), si_addr: 0x0000000108886a95

Registers:
RAX=0x00007fa54bd1ef40, RBX=0x0000000108886a89, RCX=0x0000000000000001, RDX=0x0000000000000000
RSP=0x00007000048eb410, RBP=0x00007000048eb470, RSI=0x0000000000000080, RDI=0x00000000000000dd
R8 =0x0000000000000048, R9 =0x00007fa54bf0dc20, R10=0x00000000ffffff80, R11=0x00006ff89977a73e
R12=0x00007fa54d03e400, R13=0x00000000000046b0, R14=0x0000000090f6b0b3, R15=0x00007fa54bc22620
RIP=0x00000001027a9e92, EFLAGS=0x0000000000010202, ERR=0x0000000000000004
  TRAPNO=0x000000000000000e

Top of Stack: (sp=0x00007000048eb410)
0x00007000048eb410:   00007000048ec9e8 00000000048ec6c0
0x00007000048eb420:   00007000048ec6b0 00000001092cb8f9
0x00007000048eb430:   00007000048eb450 00007fa54bd1ef40
0x00007000048eb440:   00007fa54bf0dc20 00007fa54bd1ef40
0x00007000048eb450:   00007fa54d03e400 00000000000046b0
0x00007000048eb460:   0000000090f6b0b3 00007fa54bc22620
0x00007000048eb470:   00007000048eb4d0 00000001027aa52d
0x00007000048eb480:   00007000048eb515 00007000048eb514
0x00007000048eb490:   0000002500000000 0000002601031800
0x00007000048eb4a0:   00007000048eb4ee 00007000048eb9b8
0x00007000048eb4b0:   0000000000000026 00007000048eb4ee
0x00007000048eb4c0:   00007fa54bd1ef40 00007fa54c0319f8
0x00007000048eb4d0:   00007000048eb920 00000001027a9238
0x00007000048eb4e0:   00007000048ec810 6f73700000000001
0x00007000048eb4f0:   6f7774656e2f7363 617373656d2f6b72
0x00007000048eb500:   4650534f532f6567 632e74656b636150
0x00007000048eb510:   000070007373616c 0000000103a4bb0a
0x00007000048eb520:   00007000048eb550 00000001093092bd
0x00007000048eb530:   00007000048eb5b0 00007000048eb580
0x00007000048eb540:   00007000048ebb80 000000010393fecd
0x00007000048eb550:   00007000048ec820 000000010930794c
0x00007000048eb560:   0000000109306ed0 0000700000000000
0x00007000048eb570:   00007000048ec9e8 00007000048ec820
0x00007000048eb580:   00007000048ec810 00000001092cb8f9
0x00007000048eb590:   00000001092cb890 0000000100000000
0x00007000048eb5a0:   00007000048ec810 00007000048ec810
0x00007000048eb5b0:   00007000048ebdd8 00007000048ebd90
0x00007000048eb5c0:   00007000048eb600 000000010915fda8
0x00007000048eb5d0:   0000000108898ef6 00007fa5062dbc30
0x00007000048eb5e0:   00007000062ebd80 00007fa54bf0c7f0
0x00007000048eb5f0:   00007000048ebdd8 00007000048ebd90
0x00007000048eb600:   00007000048eb810 00000001092dd650 

Instructions: (pc=0x00000001027a9e92)
0x00000001027a9e72:   49 8b 7f 38 e8 5b 1b 00 00 4d 89 77 38 49 89 5f
0x00000001027a9e82:   40 4c 89 f0 48 85 c0 0f 84 11 05 00 00 48 89 c3
0x00000001027a9e92:   0f b6 43 0c 0f b6 4b 0d 48 c1 e1 08 48 01 c1 0f
0x00000001027a9ea2:   b6 43 0e 0f b6 53 0f 48 c1 e2 08 48 01 c2 48 c1 

Register to memory mapping:

RAX=0x00007fa54bd1ef40 is an unknown value
RBX=0x0000000108886a89 is an unknown value
RCX=0x0000000000000001 is an unknown value
RDX=0x0000000000000000 is an unknown value
RSP=0x00007000048eb410 is pointing into the stack for thread: 0x00007fa54c031800
RBP=0x00007000048eb470 is pointing into the stack for thread: 0x00007fa54c031800
RSI=0x0000000000000080 is an unknown value
RDI=0x00000000000000dd is an unknown value
R8 =0x0000000000000048 is an unknown value
R9 =0x00007fa54bf0dc20 is an unknown value
R10=0x00000000ffffff80 is an unknown value
R11=0x00006ff89977a73e is an unknown value
R12=0x00007fa54d03e400 is an unknown value
R13=0x00000000000046b0 is an unknown value
R14=0x0000000090f6b0b3 is an unknown value
R15=0x00007fa54bc22620 is an unknown value


Stack: [0x00007000047ee000,0x00007000048ee000],  sp=0x00007000048eb410,  free space=1013k
Native frames: (J=compiled Java code, j=interpreted, Vv=VM code, C=native code)
C  [libzip.dylib+0x2e92]  newEntry+0x154
C  [libzip.dylib+0x352d]  ZIP_GetEntry2+0xd4
C  [libzip.dylib+0x2238]  Java_java_util_zip_ZipFile_getEntry+0xcf
j  java.util.zip.ZipFile.getEntry(J[BZ)J+0
j  java.util.zip.ZipFile.getEntry(Ljava/lang/String;)Ljava/util/zip/ZipEntry;+38
J 61 C1 sun.misc.URLClassPath$JarLoader.getResource(Ljava/lang/String;Z)Lsun/misc/Resource; (85 bytes) @ 0x00000001092f371c [0x00000001092f3340+0x3dc]
j  sun.misc.URLClassPath.getResource(Ljava/lang/String;Z)Lsun/misc/Resource;+62
j  java.net.URLClassLoader$1.run()Ljava/lang/Class;+26
j  java.net.URLClassLoader$1.run()Ljava/lang/Object;+1
v  ~StubRoutines::call_stub
V  [libjvm.dylib+0x2ecf06]
V  [libjvm.dylib+0x34d69c]
j  java.security.AccessController.doPrivileged(Ljava/security/PrivilegedExceptionAction;Ljava/security/AccessControlContext;)Ljava/lang/Object;+0
j  java.net.URLClassLoader.findClass(Ljava/lang/String;)Ljava/lang/Class;+13
J 109 C1 java.lang.ClassLoader.loadClass(Ljava/lang/String;Z)Ljava/lang/Class; (122 bytes) @ 0x0000000109307ba4 [0x0000000109307240+0x964]
j  sun.misc.Launcher$AppClassLoader.loadClass(Ljava/lang/String;Z)Ljava/lang/Class;+81
j  java.lang.ClassLoader.loadClass(Ljava/lang/String;)Ljava/lang/Class;+3
v  ~StubRoutines::call_stub
V  [libjvm.dylib+0x2ecf06]
V  [libjvm.dylib+0x2ed694]
V  [libjvm.dylib+0x2ed7ec]
V  [libjvm.dylib+0x53a818]
V  [libjvm.dylib+0x539fb1]
V  [libjvm.dylib+0x53aa34]
V  [libjvm.dylib+0x53b0e7]
V  [libjvm.dylib+0x1e2582]
V  [libjvm.dylib+0x1f29ae]
V  [libjvm.dylib+0x2e8943]
j  socs.network.node.Router$3.run()V+126
j  java.lang.Thread.run()V+11
v  ~StubRoutines::call_stub
V  [libjvm.dylib+0x2ecf06]
V  [libjvm.dylib+0x2ed694]
V  [libjvm.dylib+0x2ed840]
V  [libjvm.dylib+0x348029]
V  [libjvm.dylib+0x5695ab]
V  [libjvm.dylib+0x56ac98]
V  [libjvm.dylib+0x48933a]
C  [libsystem_pthread.dylib+0x393b]  _pthread_body+0xb4
C  [libsystem_pthread.dylib+0x3887]  _pthread_body+0x0
C  [libsystem_pthread.dylib+0x308d]  thread_start+0xd
C  0x0000000000000000

Java frames: (J=compiled Java code, j=interpreted, Vv=VM code)
j  java.util.zip.ZipFile.getEntry(J[BZ)J+0
j  java.util.zip.ZipFile.getEntry(Ljava/lang/String;)Ljava/util/zip/ZipEntry;+38
J 61 C1 sun.misc.URLClassPath$JarLoader.getResource(Ljava/lang/String;Z)Lsun/misc/Resource; (85 bytes) @ 0x00000001092f371c [0x00000001092f3340+0x3dc]
j  sun.misc.URLClassPath.getResource(Ljava/lang/String;Z)Lsun/misc/Resource;+62
j  java.net.URLClassLoader$1.run()Ljava/lang/Class;+26
j  java.net.URLClassLoader$1.run()Ljava/lang/Object;+1
v  ~StubRoutines::call_stub
j  java.security.AccessController.doPrivileged(Ljava/security/PrivilegedExceptionAction;Ljava/security/AccessControlContext;)Ljava/lang/Object;+0
j  java.net.URLClassLoader.findClass(Ljava/lang/String;)Ljava/lang/Class;+13
J 109 C1 java.lang.ClassLoader.loadClass(Ljava/lang/String;Z)Ljava/lang/Class; (122 bytes) @ 0x0000000109307ba4 [0x0000000109307240+0x964]
j  sun.misc.Launcher$AppClassLoader.loadClass(Ljava/lang/String;Z)Ljava/lang/Class;+81
j  java.lang.ClassLoader.loadClass(Ljava/lang/String;)Ljava/lang/Class;+3
v  ~StubRoutines::call_stub
j  socs.network.node.Router$3.run()V+126
j  java.lang.Thread.run()V+11
v  ~StubRoutines::call_stub

---------------  P R O C E S S  ---------------

Java Threads: ( => current thread )
=>0x00007fa54c031800 JavaThread "Thread-1" [_thread_in_native, id=22787, stack(0x00007000047ee000,0x00007000048ee000)]
  0x00007fa54c030800 JavaThread "Thread-0" [_thread_in_native, id=22275, stack(0x00007000046eb000,0x00007000047eb000)]
  0x00007fa54e051000 JavaThread "Service Thread" daemon [_thread_blocked, id=21251, stack(0x00007000044e5000,0x00007000045e5000)]
  0x00007fa54e805000 JavaThread "C1 CompilerThread3" daemon [_thread_blocked, id=20739, stack(0x00007000043e2000,0x00007000044e2000)]
  0x00007fa54c02c000 JavaThread "C2 CompilerThread2" daemon [_thread_blocked, id=20227, stack(0x00007000042df000,0x00007000043df000)]
  0x00007fa54e01e800 JavaThread "C2 CompilerThread1" daemon [_thread_blocked, id=19715, stack(0x00007000041dc000,0x00007000042dc000)]
  0x00007fa54d017800 JavaThread "C2 CompilerThread0" daemon [_thread_blocked, id=19203, stack(0x00007000040d9000,0x00007000041d9000)]
  0x00007fa54d00a800 JavaThread "Signal Dispatcher" daemon [_thread_blocked, id=18691, stack(0x0000700003fd6000,0x00007000040d6000)]
  0x00007fa54e011800 JavaThread "Finalizer" daemon [_thread_blocked, id=14339, stack(0x0000700003e50000,0x0000700003f50000)]
  0x00007fa54e00f000 JavaThread "Reference Handler" daemon [_thread_blocked, id=13827, stack(0x0000700003d4d000,0x0000700003e4d000)]
  0x00007fa54e002000 JavaThread "main" [_thread_in_native, id=6915, stack(0x000070000332f000,0x000070000342f000)]

Other Threads:
  0x00007fa54c057000 VMThread [stack: 0x0000700003c4a000,0x0000700003d4a000] [id=13315]
  0x00007fa54e082000 WatcherThread [stack: 0x00007000045e8000,0x00007000046e8000] [id=21763]

VM state:not at safepoint (normal execution)

VM Mutex/Monitor currently owned by a thread: None

Heap:
 PSYoungGen      total 76288K, used 7864K [0x000000076ab00000, 0x0000000770000000, 0x00000007c0000000)
  eden space 65536K, 12% used [0x000000076ab00000,0x000000076b2ae208,0x000000076eb00000)
  from space 10752K, 0% used [0x000000076f580000,0x000000076f580000,0x0000000770000000)
  to   space 10752K, 0% used [0x000000076eb00000,0x000000076eb00000,0x000000076f580000)
 ParOldGen       total 175104K, used 0K [0x00000006c0000000, 0x00000006cab00000, 0x000000076ab00000)
  object space 175104K, 0% used [0x00000006c0000000,0x00000006c0000000,0x00000006cab00000)
 Metaspace       used 3948K, capacity 5176K, committed 5376K, reserved 1056768K
  class space    used 447K, capacity 488K, committed 512K, reserved 1048576K

Card table byte_map: [0x0000000104b5d000,0x000000010535e000] byte_map_base: 0x000000010155d000

Marking Bits: (ParMarkBitMap*) 0x00000001040edd20
 Begin Bits: [0x00000001181d0000, 0x000000011c1d0000)
 End Bits:   [0x000000011c1d0000, 0x00000001201d0000)

Polling page: 0x000000010279d000

CodeCache: size=245760Kb used=1343Kb max_used=1346Kb free=244416Kb
 bounds [0x00000001091d0000, 0x0000000109440000, 0x00000001181d0000]
 total_blobs=400 nmethods=151 adapters=163
 compilation: enabled

Compilation events (10 events):
Event: 0.139 Thread 0x00007fa54e805000  145       1       sun.misc.URLClassPath$Loader::getBaseURL (5 bytes)
Event: 0.139 Thread 0x00007fa54e805000 nmethod 145 0x0000000109320310 code [0x0000000109320460, 0x0000000109320570]
Event: 0.139 Thread 0x00007fa54e805000  146       1       java.util.jar.Manifest::getEntries (5 bytes)
Event: 0.139 Thread 0x00007fa54e805000 nmethod 146 0x0000000109320050 code [0x00000001093201a0, 0x00000001093202b0]
Event: 0.139 Thread 0x00007fa54e805000  147       1       java.util.jar.JarFile::access$300 (5 bytes)
Event: 0.139 Thread 0x00007fa54e805000 nmethod 147 0x000000010931fd90 code [0x000000010931fee0, 0x000000010931ffd0]
Event: 8.158 Thread 0x00007fa54e805000  150       3       java.net.URI$Parser::charAt (9 bytes)
Event: 8.158 Thread 0x00007fa54e805000 nmethod 150 0x000000010931ed10 code [0x000000010931eea0, 0x000000010931f1e8]
Event: 12.164 Thread 0x00007fa54e805000  151       3       java.net.URI::match (56 bytes)
Event: 12.164 Thread 0x00007fa54e805000 nmethod 151 0x000000010931e810 code [0x000000010931e980, 0x000000010931ec90]

GC Heap History (0 events):
No events

Deoptimization events (0 events):
No events

Internal exceptions (3 events):
Event: 0.026 Thread 0x00007fa54e002000 Exception <a 'java/lang/NoSuchMethodError': Method sun.misc.Unsafe.defineClass(Ljava/lang/String;[BII)Ljava/lang/Class; name or signature does not match> (0x000000076ab07cc0) thrown at [/HUDSON3/workspace/8-2-build-macosx-x86_64/jdk8u101/7261/hotspot/src/
Event: 0.026 Thread 0x00007fa54e002000 Exception <a 'java/lang/NoSuchMethodError': Method sun.misc.Unsafe.prefetchRead(Ljava/lang/Object;J)V name or signature does not match> (0x000000076ab07fa8) thrown at [/HUDSON3/workspace/8-2-build-macosx-x86_64/jdk8u101/7261/hotspot/src/share/vm/prims/jni
Event: 8.160 Thread 0x00007fa54c031800 Exception <a 'java/net/ConnectException'> (0x000000076b16e8c0) thrown at [/HUDSON3/workspace/8-2-build-macosx-x86_64/jdk8u101/7261/hotspot/src/share/vm/prims/jni.cpp, line 709]

Events (10 events):
Event: 12.165 loading class java/io/DataOutputStream
Event: 12.165 loading class java/io/DataOutputStream done
Event: 12.165 loading class java/io/ObjectOutputStream$HandleTable
Event: 12.165 loading class java/io/ObjectOutputStream$HandleTable done
Event: 12.165 loading class java/io/ObjectOutputStream$ReplaceTable
Event: 12.165 loading class java/io/ObjectOutputStream$ReplaceTable done
Event: 12.165 loading class java/io/Bits
Event: 12.165 loading class java/io/Bits done
Event: 12.166 loading class socs/network/message/SOSPFPacket
Event: 12.166 loading class socs/network/message/SOSPFPacket done


Dynamic libraries:
0x0000000008706000 	/System/Library/Frameworks/Cocoa.framework/Versions/A/Cocoa
0x0000000008706000 	/System/Library/Frameworks/Security.framework/Versions/A/Security
0x0000000008706000 	/System/Library/Frameworks/ApplicationServices.framework/Versions/A/ApplicationServices
0x0000000008706000 	/usr/lib/libz.1.dylib
0x0000000008706000 	/usr/lib/libSystem.B.dylib
0x0000000008706000 	/usr/lib/libobjc.A.dylib
0x0000000008706000 	/System/Library/Frameworks/CoreFoundation.framework/Versions/A/CoreFoundation
0x0000000008706000 	/System/Library/Frameworks/Foundation.framework/Versions/C/Foundation
0x0000000008706000 	/System/Library/Frameworks/AppKit.framework/Versions/C/AppKit
0x0000000008706000 	/System/Library/Frameworks/CoreData.framework/Versions/A/CoreData
0x0000000008706000 	/System/Library/PrivateFrameworks/RemoteViewServices.framework/Versions/A/RemoteViewServices
0x0000000008706000 	/System/Library/PrivateFrameworks/UIFoundation.framework/Versions/A/UIFoundation
0x0000000008706000 	/System/Library/PrivateFrameworks/DFRFoundation.framework/Versions/A/DFRFoundation
0x0000000008706000 	/usr/lib/libenergytrace.dylib
0x0000000008706000 	/System/Library/PrivateFrameworks/SkyLight.framework/Versions/A/SkyLight
0x0000000008706000 	/System/Library/Frameworks/CoreGraphics.framework/Versions/A/CoreGraphics
0x0000000008706000 	/usr/lib/libScreenReader.dylib
0x0000000008706000 	/System/Library/Frameworks/Accelerate.framework/Versions/A/Accelerate
0x0000000008706000 	/System/Library/Frameworks/IOSurface.framework/Versions/A/IOSurface
0x0000000008706000 	/System/Library/Frameworks/AudioToolbox.framework/Versions/A/AudioToolbox
0x0000000008706000 	/System/Library/Frameworks/AudioUnit.framework/Versions/A/AudioUnit
0x0000000008706000 	/System/Library/PrivateFrameworks/DataDetectorsCore.framework/Versions/A/DataDetectorsCore
0x0000000008706000 	/System/Library/PrivateFrameworks/DesktopServicesPriv.framework/Versions/A/DesktopServicesPriv
0x0000000008706000 	/System/Library/Frameworks/Carbon.framework/Versions/A/Frameworks/HIToolbox.framework/Versions/A/HIToolbox
0x0000000008706000 	/usr/lib/libicucore.A.dylib
0x0000000008706000 	/System/Library/Frameworks/QuartzCore.framework/Versions/A/QuartzCore
0x0000000008706000 	/System/Library/Frameworks/Carbon.framework/Versions/A/Frameworks/SpeechRecognition.framework/Versions/A/SpeechRecognition
0x0000000008706000 	/usr/lib/libauto.dylib
0x0000000008706000 	/usr/lib/libxml2.2.dylib
0x0000000008706000 	/System/Library/PrivateFrameworks/CoreUI.framework/Versions/A/CoreUI
0x0000000008706000 	/System/Library/Frameworks/CoreAudio.framework/Versions/A/CoreAudio
0x0000000008706000 	/System/Library/Frameworks/DiskArbitration.framework/Versions/A/DiskArbitration
0x0000000008706000 	/usr/lib/liblangid.dylib
0x0000000008706000 	/System/Library/PrivateFrameworks/MultitouchSupport.framework/Versions/A/MultitouchSupport
0x0000000008706000 	/System/Library/Frameworks/IOKit.framework/Versions/A/IOKit
0x0000000008706000 	/usr/lib/libDiagnosticMessagesClient.dylib
0x0000000008706000 	/System/Library/Frameworks/CoreServices.framework/Versions/A/CoreServices
0x0000000008706000 	/System/Library/PrivateFrameworks/PerformanceAnalysis.framework/Versions/A/PerformanceAnalysis
0x0000000008706000 	/System/Library/PrivateFrameworks/GenerationalStorage.framework/Versions/A/GenerationalStorage
0x0000000008706000 	/System/Library/Frameworks/OpenGL.framework/Versions/A/OpenGL
0x0000000008706000 	/System/Library/Frameworks/CoreImage.framework/Versions/A/CoreImage
0x0000000008706000 	/System/Library/Frameworks/CoreText.framework/Versions/A/CoreText
0x0000000008706000 	/System/Library/Frameworks/ImageIO.framework/Versions/A/ImageIO
0x0000000008706000 	/System/Library/PrivateFrameworks/Backup.framework/Versions/A/Backup
0x0000000008706000 	/usr/lib/libarchive.2.dylib
0x0000000008706000 	/System/Library/Frameworks/CFNetwork.framework/Versions/A/CFNetwork
0x0000000008706000 	/System/Library/Frameworks/SystemConfiguration.framework/Versions/A/SystemConfiguration
0x0000000008706000 	/usr/lib/libCRFSuite.dylib
0x0000000008706000 	/usr/lib/libc++.1.dylib
0x0000000008706000 	/usr/lib/libc++abi.dylib
0x0000000008706000 	/usr/lib/system/libcache.dylib
0x0000000008706000 	/usr/lib/system/libcommonCrypto.dylib
0x0000000008706000 	/usr/lib/system/libcompiler_rt.dylib
0x0000000008706000 	/usr/lib/system/libcopyfile.dylib
0x0000000008706000 	/usr/lib/system/libcorecrypto.dylib
0x0000000008706000 	/usr/lib/system/libdispatch.dylib
0x0000000008706000 	/usr/lib/system/libdyld.dylib
0x0000000008706000 	/usr/lib/system/libkeymgr.dylib
0x0000000008706000 	/usr/lib/system/liblaunch.dylib
0x0000000008706000 	/usr/lib/system/libmacho.dylib
0x0000000008706000 	/usr/lib/system/libquarantine.dylib
0x0000000008706000 	/usr/lib/system/libremovefile.dylib
0x0000000008706000 	/usr/lib/system/libsystem_asl.dylib
0x0000000008706000 	/usr/lib/system/libsystem_blocks.dylib
0x0000000008706000 	/usr/lib/system/libsystem_c.dylib
0x0000000008706000 	/usr/lib/system/libsystem_configuration.dylib
0x0000000008706000 	/usr/lib/system/libsystem_coreservices.dylib
0x0000000008706000 	/usr/lib/system/libsystem_coretls.dylib
0x0000000008706000 	/usr/lib/system/libsystem_dnssd.dylib
0x0000000008706000 	/usr/lib/system/libsystem_info.dylib
0x0000000008706000 	/usr/lib/system/libsystem_kernel.dylib
0x0000000008706000 	/usr/lib/system/libsystem_m.dylib
0x0000000008706000 	/usr/lib/system/libsystem_malloc.dylib
0x0000000008706000 	/usr/lib/system/libsystem_network.dylib
0x0000000008706000 	/usr/lib/system/libsystem_networkextension.dylib
0x0000000008706000 	/usr/lib/system/libsystem_notify.dylib
0x0000000008706000 	/usr/lib/system/libsystem_platform.dylib
0x0000000008706000 	/usr/lib/system/libsystem_pthread.dylib
0x0000000008706000 	/usr/lib/system/libsystem_sandbox.dylib
0x0000000008706000 	/usr/lib/system/libsystem_secinit.dylib
0x0000000008706000 	/usr/lib/system/libsystem_symptoms.dylib
0x0000000008706000 	/usr/lib/system/libsystem_trace.dylib
0x0000000008706000 	/usr/lib/system/libunwind.dylib
0x0000000008706000 	/usr/lib/system/libxpc.dylib
0x0000000008706000 	/usr/lib/libbsm.0.dylib
0x0000000008706000 	/usr/lib/system/libkxld.dylib
0x0000000008706000 	/usr/lib/libcoretls.dylib
0x0000000008706000 	/usr/lib/libcoretls_cfhelpers.dylib
0x0000000008706000 	/usr/lib/libOpenScriptingUtil.dylib
0x0000000008706000 	/usr/lib/libpam.2.dylib
0x0000000008706000 	/usr/lib/libsqlite3.dylib
0x0000000008706000 	/usr/lib/libxar.1.dylib
0x0000000008706000 	/usr/lib/libbz2.1.0.dylib
0x0000000008706000 	/usr/lib/liblzma.5.dylib
0x0000000008706000 	/usr/lib/libnetwork.dylib
0x0000000008706000 	/usr/lib/libpcap.A.dylib
0x0000000008706000 	/System/Library/Frameworks/CoreServices.framework/Versions/A/Frameworks/FSEvents.framework/Versions/A/FSEvents
0x0000000008706000 	/System/Library/Frameworks/CoreServices.framework/Versions/A/Frameworks/CarbonCore.framework/Versions/A/CarbonCore
0x0000000008706000 	/System/Library/Frameworks/CoreServices.framework/Versions/A/Frameworks/Metadata.framework/Versions/A/Metadata
0x0000000008706000 	/System/Library/Frameworks/CoreServices.framework/Versions/A/Frameworks/OSServices.framework/Versions/A/OSServices
0x0000000008706000 	/System/Library/Frameworks/CoreServices.framework/Versions/A/Frameworks/SearchKit.framework/Versions/A/SearchKit
0x0000000008706000 	/System/Library/Frameworks/CoreServices.framework/Versions/A/Frameworks/AE.framework/Versions/A/AE
0x0000000008706000 	/System/Library/Frameworks/CoreServices.framework/Versions/A/Frameworks/LaunchServices.framework/Versions/A/LaunchServices
0x0000000008706000 	/System/Library/Frameworks/CoreServices.framework/Versions/A/Frameworks/DictionaryServices.framework/Versions/A/DictionaryServices
0x0000000008706000 	/System/Library/Frameworks/CoreServices.framework/Versions/A/Frameworks/SharedFileList.framework/Versions/A/SharedFileList
0x0000000008706000 	/System/Library/Frameworks/NetFS.framework/Versions/A/NetFS
0x0000000008706000 	/System/Library/PrivateFrameworks/NetAuth.framework/Versions/A/NetAuth
0x0000000008706000 	/System/Library/PrivateFrameworks/login.framework/Versions/A/Frameworks/loginsupport.framework/Versions/A/loginsupport
0x0000000008706000 	/System/Library/PrivateFrameworks/TCC.framework/Versions/A/TCC
0x0000000008706000 	/usr/lib/libmecabra.dylib
0x0000000008706000 	/System/Library/Frameworks/ApplicationServices.framework/Versions/A/Frameworks/ATS.framework/Versions/A/ATS
0x0000000008706000 	/System/Library/Frameworks/ApplicationServices.framework/Versions/A/Frameworks/ColorSync.framework/Versions/A/ColorSync
0x0000000008706000 	/System/Library/Frameworks/ApplicationServices.framework/Versions/A/Frameworks/HIServices.framework/Versions/A/HIServices
0x0000000008706000 	/System/Library/Frameworks/ApplicationServices.framework/Versions/A/Frameworks/LangAnalysis.framework/Versions/A/LangAnalysis
0x0000000008706000 	/System/Library/Frameworks/ApplicationServices.framework/Versions/A/Frameworks/PrintCore.framework/Versions/A/PrintCore
0x0000000008706000 	/System/Library/Frameworks/ApplicationServices.framework/Versions/A/Frameworks/QD.framework/Versions/A/QD
0x0000000008706000 	/System/Library/Frameworks/ApplicationServices.framework/Versions/A/Frameworks/SpeechSynthesis.framework/Versions/A/SpeechSynthesis
0x0000000008706000 	/System/Library/Frameworks/Accelerate.framework/Versions/A/Frameworks/vImage.framework/Versions/A/vImage
0x0000000008706000 	/System/Library/Frameworks/Accelerate.framework/Versions/A/Frameworks/vecLib.framework/Versions/A/vecLib
0x0000000008706000 	/System/Library/Frameworks/Accelerate.framework/Versions/A/Frameworks/vecLib.framework/Versions/A/libvDSP.dylib
0x0000000008706000 	/System/Library/Frameworks/Accelerate.framework/Versions/A/Frameworks/vecLib.framework/Versions/A/libBNNS.dylib
0x0000000008706000 	/System/Library/Frameworks/Accelerate.framework/Versions/A/Frameworks/vecLib.framework/Versions/A/libQuadrature.dylib
0x0000000008706000 	/System/Library/Frameworks/Accelerate.framework/Versions/A/Frameworks/vecLib.framework/Versions/A/libvMisc.dylib
0x0000000008706000 	/System/Library/Frameworks/Accelerate.framework/Versions/A/Frameworks/vecLib.framework/Versions/A/libLAPACK.dylib
0x0000000008706000 	/System/Library/Frameworks/Accelerate.framework/Versions/A/Frameworks/vecLib.framework/Versions/A/libBLAS.dylib
0x0000000008706000 	/System/Library/Frameworks/Accelerate.framework/Versions/A/Frameworks/vecLib.framework/Versions/A/libLinearAlgebra.dylib
0x0000000008706000 	/System/Library/Frameworks/Accelerate.framework/Versions/A/Frameworks/vecLib.framework/Versions/A/libSparseBLAS.dylib
0x0000000008706000 	/System/Library/Frameworks/ApplicationServices.framework/Versions/A/Frameworks/ATS.framework/Versions/A/Resources/libFontParser.dylib
0x0000000008706000 	/System/Library/Frameworks/ApplicationServices.framework/Versions/A/Frameworks/ATS.framework/Versions/A/Resources/libFontRegistry.dylib
0x0000000008706000 	/System/Library/Frameworks/ImageIO.framework/Versions/A/Resources/libJPEG.dylib
0x0000000008706000 	/System/Library/Frameworks/ImageIO.framework/Versions/A/Resources/libTIFF.dylib
0x0000000008706000 	/System/Library/Frameworks/ImageIO.framework/Versions/A/Resources/libPng.dylib
0x0000000008706000 	/System/Library/Frameworks/ImageIO.framework/Versions/A/Resources/libGIF.dylib
0x0000000008706000 	/System/Library/Frameworks/ImageIO.framework/Versions/A/Resources/libJP2.dylib
0x0000000008706000 	/System/Library/Frameworks/ImageIO.framework/Versions/A/Resources/libRadiance.dylib
0x0000000008706000 	/usr/lib/libcompression.dylib
0x0000000008706000 	/System/Library/PrivateFrameworks/AppleJPEG.framework/Versions/A/AppleJPEG
0x0000000008706000 	/usr/lib/libcups.2.dylib
0x0000000008706000 	/System/Library/Frameworks/Kerberos.framework/Versions/A/Kerberos
0x0000000008706000 	/System/Library/Frameworks/GSS.framework/Versions/A/GSS
0x0000000008706000 	/usr/lib/libresolv.9.dylib
0x0000000008706000 	/usr/lib/libiconv.2.dylib
0x0000000008706000 	/System/Library/PrivateFrameworks/Heimdal.framework/Versions/A/Heimdal
0x0000000008706000 	/usr/lib/libheimdal-asn1.dylib
0x0000000008706000 	/System/Library/Frameworks/OpenDirectory.framework/Versions/A/OpenDirectory
0x0000000008706000 	/System/Library/PrivateFrameworks/CommonAuth.framework/Versions/A/CommonAuth
0x0000000008706000 	/System/Library/Frameworks/OpenDirectory.framework/Versions/A/Frameworks/CFOpenDirectory.framework/Versions/A/CFOpenDirectory
0x0000000008706000 	/System/Library/Frameworks/SecurityFoundation.framework/Versions/A/SecurityFoundation
0x0000000008706000 	/System/Library/PrivateFrameworks/LanguageModeling.framework/Versions/A/LanguageModeling
0x0000000008706000 	/usr/lib/libmarisa.dylib
0x0000000008706000 	/usr/lib/libChineseTokenizer.dylib
0x0000000008706000 	/usr/lib/libcmph.dylib
0x0000000008706000 	/System/Library/PrivateFrameworks/CoreEmoji.framework/Versions/A/CoreEmoji
0x0000000008706000 	/System/Library/Frameworks/ServiceManagement.framework/Versions/A/ServiceManagement
0x0000000008706000 	/usr/lib/libxslt.1.dylib
0x0000000008706000 	/System/Library/Frameworks/Carbon.framework/Versions/A/Frameworks/Ink.framework/Versions/A/Ink
0x0000000008706000 	/System/Library/PrivateFrameworks/TextureIO.framework/Versions/A/TextureIO
0x0000000008706000 	/System/Library/Frameworks/Metal.framework/Versions/A/Metal
0x0000000008706000 	/usr/lib/libate.dylib
0x0000000008706000 	/System/Library/PrivateFrameworks/GPUCompiler.framework/libmetal_timestamp.dylib
0x0000000008706000 	/System/Library/Frameworks/OpenGL.framework/Versions/A/Libraries/libCoreFSCache.dylib
0x0000000008706000 	/System/Library/PrivateFrameworks/IOAccelerator.framework/Versions/A/IOAccelerator
0x0000000008706000 	/System/Library/Frameworks/CoreVideo.framework/Versions/A/CoreVideo
0x0000000008706000 	/usr/lib/libFosl_dynamic.dylib
0x0000000008706000 	/System/Library/PrivateFrameworks/MetalPerformanceShaders.framework/Versions/A/MetalPerformanceShaders
0x0000000008706000 	/System/Library/PrivateFrameworks/FaceCore.framework/Versions/A/FaceCore
0x0000000008706000 	/System/Library/Frameworks/OpenCL.framework/Versions/A/OpenCL
0x0000000008706000 	/System/Library/Frameworks/OpenGL.framework/Versions/A/Libraries/libGLU.dylib
0x0000000008706000 	/System/Library/Frameworks/OpenGL.framework/Versions/A/Libraries/libGFXShared.dylib
0x0000000008706000 	/System/Library/Frameworks/OpenGL.framework/Versions/A/Libraries/libGL.dylib
0x0000000008706000 	/System/Library/Frameworks/OpenGL.framework/Versions/A/Libraries/libGLImage.dylib
0x0000000008706000 	/System/Library/Frameworks/OpenGL.framework/Versions/A/Libraries/libCVMSPluginSupport.dylib
0x0000000008706000 	/System/Library/Frameworks/OpenGL.framework/Versions/A/Libraries/libCoreVMClient.dylib
0x0000000008706000 	/System/Library/PrivateFrameworks/CrashReporterSupport.framework/Versions/A/CrashReporterSupport
0x0000000008706000 	/System/Library/PrivateFrameworks/Sharing.framework/Versions/A/Sharing
0x0000000008706000 	/System/Library/PrivateFrameworks/IconServices.framework/Versions/A/IconServices
0x0000000008706000 	/System/Library/PrivateFrameworks/ProtocolBuffer.framework/Versions/A/ProtocolBuffer
0x0000000008706000 	/System/Library/PrivateFrameworks/Apple80211.framework/Versions/A/Apple80211
0x0000000008706000 	/System/Library/Frameworks/CoreWLAN.framework/Versions/A/CoreWLAN
0x0000000008706000 	/System/Library/PrivateFrameworks/CoreUtils.framework/Versions/A/CoreUtils
0x0000000008706000 	/System/Library/Frameworks/IOBluetooth.framework/Versions/A/IOBluetooth
0x0000000008706000 	/System/Library/PrivateFrameworks/CoreWiFi.framework/Versions/A/CoreWiFi
0x0000000008706000 	/System/Library/Frameworks/CoreBluetooth.framework/Versions/A/CoreBluetooth
0x0000000008706000 	/System/Library/Frameworks/CoreDisplay.framework/Versions/A/CoreDisplay
0x0000000008706000 	/System/Library/PrivateFrameworks/IOPresentment.framework/Versions/A/IOPresentment
0x0000000008706000 	/System/Library/PrivateFrameworks/DSExternalDisplay.framework/Versions/A/DSExternalDisplay
0x0000000008706000 	/System/Library/PrivateFrameworks/DebugSymbols.framework/Versions/A/DebugSymbols
0x0000000008706000 	/System/Library/PrivateFrameworks/CoreSymbolication.framework/Versions/A/CoreSymbolication
0x0000000008706000 	/System/Library/PrivateFrameworks/Symbolication.framework/Versions/A/Symbolication
0x0000000008706000 	/System/Library/PrivateFrameworks/AppleFSCompression.framework/Versions/A/AppleFSCompression
0x0000000008706000 	/System/Library/PrivateFrameworks/SpeechRecognitionCore.framework/Versions/A/SpeechRecognitionCore
0x0000000008706000 	/System/Library/PrivateFrameworks/ChunkingLibrary.framework/Versions/A/ChunkingLibrary
0x0000000103800000 	/Library/Java/JavaVirtualMachines/jdk1.8.0_101.jdk/Contents/Home/jre/lib/server/libjvm.dylib
0x0000000008706000 	/usr/lib/libstdc++.6.dylib
0x000000010275a000 	/Library/Java/JavaVirtualMachines/jdk1.8.0_101.jdk/Contents/Home/jre/lib/libverify.dylib
0x0000000102768000 	/Library/Java/JavaVirtualMachines/jdk1.8.0_101.jdk/Contents/Home/jre/lib/libjava.dylib
0x00000001027a7000 	/Library/Java/JavaVirtualMachines/jdk1.8.0_101.jdk/Contents/Home/jre/lib/libzip.dylib
0x00000001087db000 	/System/Library/Frameworks/JavaVM.framework/Frameworks/JavaRuntimeSupport.framework/JavaRuntimeSupport
0x00000001087f5000 	/System/Library/Frameworks/JavaVM.framework/Versions/A/Frameworks/JavaNativeFoundation.framework/Versions/A/JavaNativeFoundation
0x000000010880a000 	/System/Library/Frameworks/JavaVM.framework/Versions/A/JavaVM
0x0000000008706000 	/System/Library/Frameworks/Carbon.framework/Versions/A/Carbon
0x0000000108817000 	/System/Library/PrivateFrameworks/JavaLaunching.framework/Versions/A/JavaLaunching
0x0000000008706000 	/System/Library/Frameworks/Carbon.framework/Versions/A/Frameworks/CommonPanels.framework/Versions/A/CommonPanels
0x0000000008706000 	/System/Library/Frameworks/Carbon.framework/Versions/A/Frameworks/Help.framework/Versions/A/Help
0x0000000008706000 	/System/Library/Frameworks/Carbon.framework/Versions/A/Frameworks/ImageCapture.framework/Versions/A/ImageCapture
0x0000000008706000 	/System/Library/Frameworks/Carbon.framework/Versions/A/Frameworks/OpenScripting.framework/Versions/A/OpenScripting
0x0000000008706000 	/System/Library/Frameworks/Carbon.framework/Versions/A/Frameworks/Print.framework/Versions/A/Print
0x0000000008706000 	/System/Library/Frameworks/Carbon.framework/Versions/A/Frameworks/SecurityHI.framework/Versions/A/SecurityHI
0x0000000108887000 	/Library/Java/JavaVirtualMachines/jdk1.8.0_101.jdk/Contents/Home/jre/lib/libnet.dylib

VM Arguments:
java_command: COMP535-1.0-SNAPSHOT-jar-with-dependencies.jar ../conf/router1.conf
java_class_path (initial): COMP535-1.0-SNAPSHOT-jar-with-dependencies.jar
Launcher Type: SUN_STANDARD

Environment Variables:
PATH=/Library/Frameworks/Python.framework/Versions/3.6/bin:/Library/Frameworks/Python.framework/Versions/2.7/bin:/usr/local/bin:/usr/bin:/bin:/usr/sbin:/sbin:/usr/local/go/bin:/Applications/Wireshark.app/Contents/MacOS:/Users/Alex/Documents/Source_Codes/go/bin:/usr/local/opt/go/libexec/bin
SHELL=/bin/bash

Signal Handlers:
SIGSEGV: [libjvm.dylib+0x5af145], sa_mask[0]=11111111011111110111111111111111, sa_flags=SA_ONSTACK|SA_RESTART|SA_SIGINFO
SIGBUS: [libjvm.dylib+0x5af145], sa_mask[0]=11111111011111110111111111111111, sa_flags=SA_RESTART|SA_SIGINFO
SIGFPE: [libjvm.dylib+0x48694c], sa_mask[0]=11111111011111110111111111111111, sa_flags=SA_RESTART|SA_SIGINFO
SIGPIPE: [libjvm.dylib+0x48694c], sa_mask[0]=11111111011111110111111111111111, sa_flags=SA_RESTART|SA_SIGINFO
SIGXFSZ: [libjvm.dylib+0x48694c], sa_mask[0]=11111111011111110111111111111111, sa_flags=SA_RESTART|SA_SIGINFO
SIGILL: [libjvm.dylib+0x48694c], sa_mask[0]=11111111011111110111111111111111, sa_flags=SA_RESTART|SA_SIGINFO
SIGUSR1: SIG_DFL, sa_mask[0]=11011111011111100000000111000110, sa_flags=none
SIGUSR2: [libjvm.dylib+0x48646a], sa_mask[0]=00000000000000000000000000000000, sa_flags=SA_RESTART|SA_SIGINFO
SIGHUP: [libjvm.dylib+0x484a41], sa_mask[0]=11111111011111110111111111111111, sa_flags=SA_RESTART|SA_SIGINFO
SIGINT: [libjvm.dylib+0x484a41], sa_mask[0]=11111111011111110111111111111111, sa_flags=SA_RESTART|SA_SIGINFO
SIGTERM: [libjvm.dylib+0x484a41], sa_mask[0]=11111111011111110111111111111111, sa_flags=SA_RESTART|SA_SIGINFO
SIGQUIT: [libjvm.dylib+0x484a41], sa_mask[0]=11111111011111110111111111111111, sa_flags=SA_RESTART|SA_SIGINFO


---------------  S Y S T E M  ---------------

OS:Bsduname:Darwin 16.7.0 Darwin Kernel Version 16.7.0: Thu Jun 15 17:36:27 PDT 2017; root:xnu-3789.70.16~2/RELEASE_X86_64 x86_64
rlimit: STACK 8192k, CORE 0k, NPROC 709, NOFILE 10240, AS infinity
load average:1.96 1.87 2.08

CPU:total 8 (4 cores per cpu, 2 threads per core) family 6 model 70 stepping 1, cmov, cx8, fxsr, mmx, sse, sse2, sse3, ssse3, sse4.1, sse4.2, popcnt, avx, avx2, aes, clmul, erms, lzcnt, ht, tsc, tscinvbit, bmi1, bmi2

Memory: 4k page, physical 16777216k(1649488k free)

/proc/meminfo:


vm_info: Java HotSpot(TM) 64-Bit Server VM (25.101-b13) for bsd-amd64 JRE (1.8.0_101-b13), built on Jun 22 2016 02:42:15 by "java_re" with gcc 4.2.1 (Based on Apple Inc. build 5658) (LLVM build 2336.11.00)

time: Tue Apr  3 21:25:00 2018
elapsed time: 12 seconds (0d 0h 0m 12s)

