#
# A fatal error has been detected by the Java Runtime Environment:
#
#  SIGSEGV (0xb) at pc=0x00007fffbaf6afc8, pid=28491, tid=0x0000000000001b03
#
# JRE version: Java(TM) SE Runtime Environment (8.0_101-b13) (build 1.8.0_101-b13)
# Java VM: Java HotSpot(TM) 64-Bit Server VM (25.101-b13 mixed mode bsd-amd64 compressed oops)
# Problematic frame:
# C  [libsystem_platform.dylib+0x5fc8]  _platform_memmove$VARIANT$Haswell+0x128
#
# Failed to write core dump. Core dumps have been disabled. To enable core dumping, try "ulimit -c unlimited" before starting Java again
#
# If you would like to submit a bug report, please visit:
#   http://bugreport.java.com/bugreport/crash.jsp
# The crash happened outside the Java Virtual Machine in native code.
# See problematic frame for where to report the bug.
#

---------------  T H R E A D  ---------------

Current thread (0x00007f9eeb802000):  JavaThread "main" [_thread_in_native, id=6915, stack(0x00007000051f7000,0x00007000052f7000)]

siginfo: si_signo: 11 (SIGSEGV), si_code: 1 (SEGV_MAPERR), si_addr: 0x0000000111b2c000

Registers:
RAX=0x00007f9eec056a00, RBX=0x0000000111b2b126, RCX=0x0000000000000020, RDX=0x0000000000001520
RSP=0x00007000052f4200, RBP=0x00007000052f4200, RSI=0x0000000111b2bff4, RDI=0x00007f9eec0578a0
R8 =0x0000000000002401, R9 =0x00007f9eec056a00, R10=0x0000000000000000, R11=0x00007f9dda52b8ac
R12=0x0000000000021489, R13=0x0000000012317f81, R14=0x000000000003e900, R15=0x0000000000000000
RIP=0x00007fffbaf6afc8, EFLAGS=0x0000000000010206, ERR=0x0000000000000004
  TRAPNO=0x000000000000000e

Top of Stack: (sp=0x00007000052f4200)
0x00007000052f4200:   00007000052f4270 00000001059eb006
0x00007000052f4210:   00000000052f57e8 0000000000000000
0x00007000052f4220:   0000000000000000 00007f9eec056a00
0x00007000052f4230:   0000000000002400 00007f9eeb506670
0x00007000052f4240:   00007f9eeb63f620 00007f9eeb506670
0x00007000052f4250:   00007f9eec016200 0000000000004700
0x00007000052f4260:   00000000b663448e 00007f9eeb63f4f0
0x00007000052f4270:   00007000052f42d0 00000001059eb52d
0x00007000052f4280:   00007000052f4313 00007000052f4312
0x00007000052f4290:   0000002300000000 0000002401802000
0x00007000052f42a0:   00007000052f42ee 00007000052f47b8
0x00007000052f42b0:   0000000000000024 00007000052f42ee
0x00007000052f42c0:   00007f9eeb506670 00007f9eeb8021f8
0x00007000052f42d0:   00007000052f4720 00000001059ea238
0x00007000052f42e0:   00007000052f5610 6f73700000000001
0x00007000052f42f0:   6f7774656e2f7363 2f65646f6e2f6b72
0x00007000052f4300:   7453726574756f52 616c632e73757461
0x00007000052f4310:   0000700005007373 0000000104c4bb0a
0x00007000052f4320:   00007000052f4350 0000000112d4457d
0x00007000052f4330:   00007000052f43b0 00007000052f4380
0x00007000052f4340:   00007000052f4980 0000000104b3fecd
0x00007000052f4350:   00007000052f5620 0000000112d42c0c
0x00007000052f4360:   0000000112d42190 0000000000000000
0x00007000052f4370:   00007000052f57e8 00007000052f5620
0x00007000052f4380:   00007000052f5610 0000000112d058f9
0x00007000052f4390:   0000000112d05890 0000000000000000
0x00007000052f43a0:   00007000052f5610 00007000052f5610
0x00007000052f43b0:   cafebabecafebabe 0000000000000000
0x00007000052f43c0:   000000000f5ef728 0000000000000000
0x00007000052f43d0:   000000010f5ef180 000000000f57fc30
0x00007000052f43e0:   000000000f58ff88 000000010f4e9890
0x00007000052f43f0:   00007f9eeb802000 000000b60f4e74b8 

Instructions: (pc=0x00007fffbaf6afc8)
0x00007fffbaf6afa8:   40 48 81 ea 80 00 00 00 76 4e 48 f7 c6 1f 00 00
0x00007fffbaf6afb8:   00 74 25 c5 fc 29 0f c5 fc 29 57 20 48 83 c7 40
0x00007fffbaf6afc8:   c5 fc 10 0e c5 fc 10 56 20 48 83 c6 40 48 83 ea
0x00007fffbaf6afd8:   40 77 e0 eb 23 0f 1f 00 c5 fc 29 0f c5 fc 29 57 

Register to memory mapping:

RAX=0x00007f9eec056a00 is an unknown value
RBX=0x0000000111b2b126 is an unknown value
RCX=0x0000000000000020 is an unknown value
RDX=0x0000000000001520 is an unknown value
RSP=0x00007000052f4200 is pointing into the stack for thread: 0x00007f9eeb802000
RBP=0x00007000052f4200 is pointing into the stack for thread: 0x00007f9eeb802000
RSI=0x0000000111b2bff4 is an unknown value
RDI=0x00007f9eec0578a0 is an unknown value
R8 =0x0000000000002401 is an unknown value
R9 =0x00007f9eec056a00 is an unknown value
R10=0x0000000000000000 is an unknown value
R11=0x00007f9dda52b8ac is an unknown value
R12=0x0000000000021489 is an unknown value
R13=0x0000000012317f81 is an unknown value
R14=0x000000000003e900 is an unknown value
R15=0x0000000000000000 is an unknown value


Stack: [0x00007000051f7000,0x00007000052f7000],  sp=0x00007000052f4200,  free space=1012k
Native frames: (J=compiled Java code, j=interpreted, Vv=VM code, C=native code)
C  [libsystem_platform.dylib+0x5fc8]  _platform_memmove$VARIANT$Haswell+0x128
C  [libzip.dylib+0x3006]  newEntry+0x2c8
C  [libzip.dylib+0x352d]  ZIP_GetEntry2+0xd4
C  [libzip.dylib+0x2238]  Java_java_util_zip_ZipFile_getEntry+0xcf
j  java.util.zip.ZipFile.getEntry(J[BZ)J+0
j  java.util.zip.ZipFile.getEntry(Ljava/lang/String;)Ljava/util/zip/ZipEntry;+38
J 67 C1 sun.misc.URLClassPath$JarLoader.getResource(Ljava/lang/String;Z)Lsun/misc/Resource; (85 bytes) @ 0x0000000112d30bdc [0x0000000112d30820+0x3bc]
j  sun.misc.URLClassPath.getResource(Ljava/lang/String;Z)Lsun/misc/Resource;+62
j  java.net.URLClassLoader$1.run()Ljava/lang/Class;+26
j  java.net.URLClassLoader$1.run()Ljava/lang/Object;+1
v  ~StubRoutines::call_stub
V  [libjvm.dylib+0x2ecf06]  JavaCalls::call_helper(JavaValue*, methodHandle*, JavaCallArguments*, Thread*)+0x6ae
V  [libjvm.dylib+0x34d69c]  JVM_DoPrivileged+0x4b8
j  java.security.AccessController.doPrivileged(Ljava/security/PrivilegedExceptionAction;Ljava/security/AccessControlContext;)Ljava/lang/Object;+0
j  java.net.URLClassLoader.findClass(Ljava/lang/String;)Ljava/lang/Class;+13
J 109 C1 java.lang.ClassLoader.loadClass(Ljava/lang/String;Z)Ljava/lang/Class; (122 bytes) @ 0x0000000112d42e64 [0x0000000112d42500+0x964]
j  sun.misc.Launcher$AppClassLoader.loadClass(Ljava/lang/String;Z)Ljava/lang/Class;+81
j  java.lang.ClassLoader.loadClass(Ljava/lang/String;)Ljava/lang/Class;+3
v  ~StubRoutines::call_stub
V  [libjvm.dylib+0x2ecf06]  JavaCalls::call_helper(JavaValue*, methodHandle*, JavaCallArguments*, Thread*)+0x6ae
V  [libjvm.dylib+0x2ed694]  JavaCalls::call_virtual(JavaValue*, KlassHandle, Symbol*, Symbol*, JavaCallArguments*, Thread*)+0x164
V  [libjvm.dylib+0x2ed7ec]  JavaCalls::call_virtual(JavaValue*, Handle, KlassHandle, Symbol*, Symbol*, Handle, Thread*)+0x56
V  [libjvm.dylib+0x53a818]  SystemDictionary::load_instance_class(Symbol*, Handle, Thread*)+0x2d8
V  [libjvm.dylib+0x539fb1]  SystemDictionary::resolve_instance_class_or_null(Symbol*, Handle, Handle, Thread*)+0x48f
V  [libjvm.dylib+0x53aa34]  SystemDictionary::resolve_or_null(Symbol*, Handle, Handle, Thread*)+0x106
V  [libjvm.dylib+0x53b0e7]  SystemDictionary::resolve_or_fail(Symbol*, Handle, Handle, bool, Thread*)+0x31
V  [libjvm.dylib+0x1e2582]  ConstantPool::klass_at_impl(constantPoolHandle, int, Thread*)+0x2ee
V  [libjvm.dylib+0x1f29ae]  ConstantPool::klass_at(int, Thread*)+0x92
V  [libjvm.dylib+0x3ca446]  LinkResolver::resolve_field_access(fieldDescriptor&, constantPoolHandle, int, Bytecodes::Code, Thread*)+0x8c
V  [libjvm.dylib+0x2e7e0f]  InterpreterRuntime::resolve_get_put(JavaThread*, Bytecodes::Code)+0x119
j  socs.network.node.Router.processAttach(Ljava/lang/String;SLjava/lang/String;S)V+30
j  socs.network.node.Router.terminal()V+148
j  socs.network.Main.main([Ljava/lang/String;)V+37
v  ~StubRoutines::call_stub
V  [libjvm.dylib+0x2ecf06]  JavaCalls::call_helper(JavaValue*, methodHandle*, JavaCallArguments*, Thread*)+0x6ae
V  [libjvm.dylib+0x323d7a]  jni_invoke_static(JNIEnv_*, JavaValue*, _jobject*, JNICallType, _jmethodID*, JNI_ArgumentPusher*, Thread*)+0x1bf
V  [libjvm.dylib+0x31caf1]  jni_CallStaticVoidMethod+0x15d
C  [java+0x3931]  JavaMain+0x9c4
C  [libsystem_pthread.dylib+0x393b]  _pthread_body+0xb4
C  [libsystem_pthread.dylib+0x3887]  _pthread_body+0x0
C  [libsystem_pthread.dylib+0x308d]  thread_start+0xd
C  0x0000000000000000

Java frames: (J=compiled Java code, j=interpreted, Vv=VM code)
j  java.util.zip.ZipFile.getEntry(J[BZ)J+0
j  java.util.zip.ZipFile.getEntry(Ljava/lang/String;)Ljava/util/zip/ZipEntry;+38
J 67 C1 sun.misc.URLClassPath$JarLoader.getResource(Ljava/lang/String;Z)Lsun/misc/Resource; (85 bytes) @ 0x0000000112d30bdc [0x0000000112d30820+0x3bc]
j  sun.misc.URLClassPath.getResource(Ljava/lang/String;Z)Lsun/misc/Resource;+62
j  java.net.URLClassLoader$1.run()Ljava/lang/Class;+26
j  java.net.URLClassLoader$1.run()Ljava/lang/Object;+1
v  ~StubRoutines::call_stub
j  java.security.AccessController.doPrivileged(Ljava/security/PrivilegedExceptionAction;Ljava/security/AccessControlContext;)Ljava/lang/Object;+0
j  java.net.URLClassLoader.findClass(Ljava/lang/String;)Ljava/lang/Class;+13
J 109 C1 java.lang.ClassLoader.loadClass(Ljava/lang/String;Z)Ljava/lang/Class; (122 bytes) @ 0x0000000112d42e64 [0x0000000112d42500+0x964]
j  sun.misc.Launcher$AppClassLoader.loadClass(Ljava/lang/String;Z)Ljava/lang/Class;+81
j  java.lang.ClassLoader.loadClass(Ljava/lang/String;)Ljava/lang/Class;+3
v  ~StubRoutines::call_stub
j  socs.network.node.Router.processAttach(Ljava/lang/String;SLjava/lang/String;S)V+30
j  socs.network.node.Router.terminal()V+148
j  socs.network.Main.main([Ljava/lang/String;)V+37
v  ~StubRoutines::call_stub

---------------  P R O C E S S  ---------------

Java Threads: ( => current thread )
  0x00007f9eeb818800 JavaThread "Service Thread" daemon [_thread_blocked, id=20995, stack(0x00007000063ad000,0x00007000064ad000)]
  0x00007f9eec83e000 JavaThread "C1 CompilerThread3" daemon [_thread_blocked, id=20483, stack(0x00007000062aa000,0x00007000063aa000)]
  0x00007f9eec004000 JavaThread "C2 CompilerThread2" daemon [_thread_blocked, id=19971, stack(0x00007000061a7000,0x00007000062a7000)]
  0x00007f9eec83d800 JavaThread "C2 CompilerThread1" daemon [_thread_blocked, id=19459, stack(0x00007000060a4000,0x00007000061a4000)]
  0x00007f9eec83b800 JavaThread "C2 CompilerThread0" daemon [_thread_blocked, id=18947, stack(0x0000700005fa1000,0x00007000060a1000)]
  0x00007f9eec82d800 JavaThread "Signal Dispatcher" daemon [_thread_blocked, id=18435, stack(0x0000700005e9e000,0x0000700005f9e000)]
  0x00007f9eed003000 JavaThread "Finalizer" daemon [_thread_blocked, id=14339, stack(0x0000700005d18000,0x0000700005e18000)]
  0x00007f9eec827800 JavaThread "Reference Handler" daemon [_thread_blocked, id=13827, stack(0x0000700005c15000,0x0000700005d15000)]
=>0x00007f9eeb802000 JavaThread "main" [_thread_in_native, id=6915, stack(0x00007000051f7000,0x00007000052f7000)]

Other Threads:
  0x00007f9eec813800 VMThread [stack: 0x0000700005b12000,0x0000700005c12000] [id=13315]
  0x00007f9eeb816800 WatcherThread [stack: 0x00007000064b0000,0x00007000065b0000] [id=21507]

VM state:not at safepoint (normal execution)

VM Mutex/Monitor currently owned by a thread: None

Heap:
 PSYoungGen      total 76288K, used 5243K [0x000000076ab00000, 0x0000000770000000, 0x00000007c0000000)
  eden space 65536K, 8% used [0x000000076ab00000,0x000000076b01ec00,0x000000076eb00000)
  from space 10752K, 0% used [0x000000076f580000,0x000000076f580000,0x0000000770000000)
  to   space 10752K, 0% used [0x000000076eb00000,0x000000076eb00000,0x000000076f580000)
 ParOldGen       total 175104K, used 0K [0x00000006c0000000, 0x00000006cab00000, 0x000000076ab00000)
  object space 175104K, 0% used [0x00000006c0000000,0x00000006c0000000,0x00000006cab00000)
 Metaspace       used 3619K, capacity 5176K, committed 5376K, reserved 1056768K
  class space    used 404K, capacity 488K, committed 512K, reserved 1048576K

Card table byte_map: [0x0000000105db1000,0x00000001065b2000] byte_map_base: 0x00000001027b1000

Marking Bits: (ParMarkBitMap*) 0x00000001052edd20
 Begin Bits: [0x0000000106b08000, 0x000000010ab08000)
 End Bits:   [0x000000010ab08000, 0x000000010eb08000)

Polling page: 0x00000001039fe000

CodeCache: size=245760Kb used=1344Kb max_used=1344Kb free=244416Kb
 bounds [0x0000000112c0a000, 0x0000000112e7a000, 0x0000000121c0a000]
 total_blobs=392 nmethods=148 adapters=158
 compilation: enabled

Compilation events (10 events):
Event: 0.132 Thread 0x00007f9eec83e000  145       3       java.util.zip.ZipCoder::encoder (35 bytes)
Event: 0.132 Thread 0x00007f9eec83e000 nmethod 145 0x0000000112d534d0 code [0x0000000112d53680, 0x0000000112d53d08]
Event: 0.132 Thread 0x00007f9eec83e000  146       3       java.nio.charset.CharsetEncoder::reset (11 bytes)
Event: 0.132 Thread 0x00007f9eec83e000 nmethod 146 0x0000000112d53090 code [0x0000000112d53200, 0x0000000112d53430]
Event: 0.132 Thread 0x00007f9eec83e000  147       3       java.nio.charset.CharsetEncoder::implReset (1 bytes)
Event: 0.132 Thread 0x00007f9eec83e000 nmethod 147 0x0000000112d52d90 code [0x0000000112d52ee0, 0x0000000112d53030]
Event: 0.132 Thread 0x00007f9eec83e000  142   !   3       java.util.zip.ZipFile$ZipFileInputStream::close (110 bytes)
Event: 0.132 Thread 0x00007f9eec83e000 nmethod 142 0x0000000112d595d0 code [0x0000000112d59780, 0x0000000112d59fb8]
Event: 0.132 Thread 0x00007f9eec83e000  148       1       sun.misc.URLClassPath$JarLoader::access$500 (5 bytes)
Event: 0.132 Thread 0x00007f9eec83e000 nmethod 148 0x0000000112d5a350 code [0x0000000112d5a4a0, 0x0000000112d5a590]

GC Heap History (0 events):
No events

Deoptimization events (0 events):
No events

Internal exceptions (2 events):
Event: 0.025 Thread 0x00007f9eeb802000 Exception <a 'java/lang/NoSuchMethodError': Method sun.misc.Unsafe.defineClass(Ljava/lang/String;[BII)Ljava/lang/Class; name or signature does not match> (0x000000076ab07cc0) thrown at [/HUDSON3/workspace/8-2-build-macosx-x86_64/jdk8u101/7261/hotspot/src/
Event: 0.025 Thread 0x00007f9eeb802000 Exception <a 'java/lang/NoSuchMethodError': Method sun.misc.Unsafe.prefetchRead(Ljava/lang/Object;J)V name or signature does not match> (0x000000076ab07fa8) thrown at [/HUDSON3/workspace/8-2-build-macosx-x86_64/jdk8u101/7261/hotspot/src/share/vm/prims/jni

Events (10 events):
Event: 0.126 loading class socs/network/node/LinkStateDatabase
Event: 0.126 loading class socs/network/node/LinkStateDatabase done
Event: 0.130 loading class socs/network/message/LSA
Event: 0.130 loading class socs/network/message/LSA done
Event: 0.130 loading class socs/network/message/LinkDescription
Event: 0.130 loading class socs/network/message/LinkDescription done
Event: 4.101 Executing VM operation: EnableBiasedLocking
Event: 4.102 Executing VM operation: EnableBiasedLocking done
Event: 38.867 loading class socs/network/node/RouterStatus
Event: 38.867 loading class socs/network/node/RouterStatus done


Dynamic libraries:
0x00000000301d1000 	/System/Library/Frameworks/Cocoa.framework/Versions/A/Cocoa
0x00000000301d1000 	/System/Library/Frameworks/Security.framework/Versions/A/Security
0x00000000301d1000 	/System/Library/Frameworks/ApplicationServices.framework/Versions/A/ApplicationServices
0x00000000301d1000 	/usr/lib/libz.1.dylib
0x00000000301d1000 	/usr/lib/libSystem.B.dylib
0x00000000301d1000 	/usr/lib/libobjc.A.dylib
0x00000000301d1000 	/System/Library/Frameworks/CoreFoundation.framework/Versions/A/CoreFoundation
0x00000000301d1000 	/System/Library/Frameworks/Foundation.framework/Versions/C/Foundation
0x00000000301d1000 	/System/Library/Frameworks/AppKit.framework/Versions/C/AppKit
0x00000000301d1000 	/System/Library/Frameworks/CoreData.framework/Versions/A/CoreData
0x00000000301d1000 	/System/Library/PrivateFrameworks/RemoteViewServices.framework/Versions/A/RemoteViewServices
0x00000000301d1000 	/System/Library/PrivateFrameworks/UIFoundation.framework/Versions/A/UIFoundation
0x00000000301d1000 	/System/Library/PrivateFrameworks/DFRFoundation.framework/Versions/A/DFRFoundation
0x00000000301d1000 	/usr/lib/libenergytrace.dylib
0x00000000301d1000 	/System/Library/PrivateFrameworks/SkyLight.framework/Versions/A/SkyLight
0x00000000301d1000 	/System/Library/Frameworks/CoreGraphics.framework/Versions/A/CoreGraphics
0x00000000301d1000 	/usr/lib/libScreenReader.dylib
0x00000000301d1000 	/System/Library/Frameworks/Accelerate.framework/Versions/A/Accelerate
0x00000000301d1000 	/System/Library/Frameworks/IOSurface.framework/Versions/A/IOSurface
0x00000000301d1000 	/System/Library/Frameworks/AudioToolbox.framework/Versions/A/AudioToolbox
0x00000000301d1000 	/System/Library/Frameworks/AudioUnit.framework/Versions/A/AudioUnit
0x00000000301d1000 	/System/Library/PrivateFrameworks/DataDetectorsCore.framework/Versions/A/DataDetectorsCore
0x00000000301d1000 	/System/Library/PrivateFrameworks/DesktopServicesPriv.framework/Versions/A/DesktopServicesPriv
0x00000000301d1000 	/System/Library/Frameworks/Carbon.framework/Versions/A/Frameworks/HIToolbox.framework/Versions/A/HIToolbox
0x00000000301d1000 	/usr/lib/libicucore.A.dylib
0x00000000301d1000 	/System/Library/Frameworks/QuartzCore.framework/Versions/A/QuartzCore
0x00000000301d1000 	/System/Library/Frameworks/Carbon.framework/Versions/A/Frameworks/SpeechRecognition.framework/Versions/A/SpeechRecognition
0x00000000301d1000 	/usr/lib/libauto.dylib
0x00000000301d1000 	/usr/lib/libxml2.2.dylib
0x00000000301d1000 	/System/Library/PrivateFrameworks/CoreUI.framework/Versions/A/CoreUI
0x00000000301d1000 	/System/Library/Frameworks/CoreAudio.framework/Versions/A/CoreAudio
0x00000000301d1000 	/System/Library/Frameworks/DiskArbitration.framework/Versions/A/DiskArbitration
0x00000000301d1000 	/usr/lib/liblangid.dylib
0x00000000301d1000 	/System/Library/PrivateFrameworks/MultitouchSupport.framework/Versions/A/MultitouchSupport
0x00000000301d1000 	/System/Library/Frameworks/IOKit.framework/Versions/A/IOKit
0x00000000301d1000 	/usr/lib/libDiagnosticMessagesClient.dylib
0x00000000301d1000 	/System/Library/Frameworks/CoreServices.framework/Versions/A/CoreServices
0x00000000301d1000 	/System/Library/PrivateFrameworks/PerformanceAnalysis.framework/Versions/A/PerformanceAnalysis
0x00000000301d1000 	/System/Library/PrivateFrameworks/GenerationalStorage.framework/Versions/A/GenerationalStorage
0x00000000301d1000 	/System/Library/Frameworks/OpenGL.framework/Versions/A/OpenGL
0x00000000301d1000 	/System/Library/Frameworks/CoreImage.framework/Versions/A/CoreImage
0x00000000301d1000 	/System/Library/Frameworks/CoreText.framework/Versions/A/CoreText
0x00000000301d1000 	/System/Library/Frameworks/ImageIO.framework/Versions/A/ImageIO
0x00000000301d1000 	/System/Library/PrivateFrameworks/Backup.framework/Versions/A/Backup
0x00000000301d1000 	/usr/lib/libarchive.2.dylib
0x00000000301d1000 	/System/Library/Frameworks/CFNetwork.framework/Versions/A/CFNetwork
0x00000000301d1000 	/System/Library/Frameworks/SystemConfiguration.framework/Versions/A/SystemConfiguration
0x00000000301d1000 	/usr/lib/libCRFSuite.dylib
0x00000000301d1000 	/usr/lib/libc++.1.dylib
0x00000000301d1000 	/usr/lib/libc++abi.dylib
0x00000000301d1000 	/usr/lib/system/libcache.dylib
0x00000000301d1000 	/usr/lib/system/libcommonCrypto.dylib
0x00000000301d1000 	/usr/lib/system/libcompiler_rt.dylib
0x00000000301d1000 	/usr/lib/system/libcopyfile.dylib
0x00000000301d1000 	/usr/lib/system/libcorecrypto.dylib
0x00000000301d1000 	/usr/lib/system/libdispatch.dylib
0x00000000301d1000 	/usr/lib/system/libdyld.dylib
0x00000000301d1000 	/usr/lib/system/libkeymgr.dylib
0x00000000301d1000 	/usr/lib/system/liblaunch.dylib
0x00000000301d1000 	/usr/lib/system/libmacho.dylib
0x00000000301d1000 	/usr/lib/system/libquarantine.dylib
0x00000000301d1000 	/usr/lib/system/libremovefile.dylib
0x00000000301d1000 	/usr/lib/system/libsystem_asl.dylib
0x00000000301d1000 	/usr/lib/system/libsystem_blocks.dylib
0x00000000301d1000 	/usr/lib/system/libsystem_c.dylib
0x00000000301d1000 	/usr/lib/system/libsystem_configuration.dylib
0x00000000301d1000 	/usr/lib/system/libsystem_coreservices.dylib
0x00000000301d1000 	/usr/lib/system/libsystem_coretls.dylib
0x00000000301d1000 	/usr/lib/system/libsystem_dnssd.dylib
0x00000000301d1000 	/usr/lib/system/libsystem_info.dylib
0x00000000301d1000 	/usr/lib/system/libsystem_kernel.dylib
0x00000000301d1000 	/usr/lib/system/libsystem_m.dylib
0x00000000301d1000 	/usr/lib/system/libsystem_malloc.dylib
0x00000000301d1000 	/usr/lib/system/libsystem_network.dylib
0x00000000301d1000 	/usr/lib/system/libsystem_networkextension.dylib
0x00000000301d1000 	/usr/lib/system/libsystem_notify.dylib
0x00000000301d1000 	/usr/lib/system/libsystem_platform.dylib
0x00000000301d1000 	/usr/lib/system/libsystem_pthread.dylib
0x00000000301d1000 	/usr/lib/system/libsystem_sandbox.dylib
0x00000000301d1000 	/usr/lib/system/libsystem_secinit.dylib
0x00000000301d1000 	/usr/lib/system/libsystem_symptoms.dylib
0x00000000301d1000 	/usr/lib/system/libsystem_trace.dylib
0x00000000301d1000 	/usr/lib/system/libunwind.dylib
0x00000000301d1000 	/usr/lib/system/libxpc.dylib
0x00000000301d1000 	/usr/lib/libbsm.0.dylib
0x00000000301d1000 	/usr/lib/system/libkxld.dylib
0x00000000301d1000 	/usr/lib/libcoretls.dylib
0x00000000301d1000 	/usr/lib/libcoretls_cfhelpers.dylib
0x00000000301d1000 	/usr/lib/libOpenScriptingUtil.dylib
0x00000000301d1000 	/usr/lib/libpam.2.dylib
0x00000000301d1000 	/usr/lib/libsqlite3.dylib
0x00000000301d1000 	/usr/lib/libxar.1.dylib
0x00000000301d1000 	/usr/lib/libbz2.1.0.dylib
0x00000000301d1000 	/usr/lib/liblzma.5.dylib
0x00000000301d1000 	/usr/lib/libnetwork.dylib
0x00000000301d1000 	/usr/lib/libpcap.A.dylib
0x00000000301d1000 	/System/Library/Frameworks/CoreServices.framework/Versions/A/Frameworks/FSEvents.framework/Versions/A/FSEvents
0x00000000301d1000 	/System/Library/Frameworks/CoreServices.framework/Versions/A/Frameworks/CarbonCore.framework/Versions/A/CarbonCore
0x00000000301d1000 	/System/Library/Frameworks/CoreServices.framework/Versions/A/Frameworks/Metadata.framework/Versions/A/Metadata
0x00000000301d1000 	/System/Library/Frameworks/CoreServices.framework/Versions/A/Frameworks/OSServices.framework/Versions/A/OSServices
0x00000000301d1000 	/System/Library/Frameworks/CoreServices.framework/Versions/A/Frameworks/SearchKit.framework/Versions/A/SearchKit
0x00000000301d1000 	/System/Library/Frameworks/CoreServices.framework/Versions/A/Frameworks/AE.framework/Versions/A/AE
0x00000000301d1000 	/System/Library/Frameworks/CoreServices.framework/Versions/A/Frameworks/LaunchServices.framework/Versions/A/LaunchServices
0x00000000301d1000 	/System/Library/Frameworks/CoreServices.framework/Versions/A/Frameworks/DictionaryServices.framework/Versions/A/DictionaryServices
0x00000000301d1000 	/System/Library/Frameworks/CoreServices.framework/Versions/A/Frameworks/SharedFileList.framework/Versions/A/SharedFileList
0x00000000301d1000 	/System/Library/Frameworks/NetFS.framework/Versions/A/NetFS
0x00000000301d1000 	/System/Library/PrivateFrameworks/NetAuth.framework/Versions/A/NetAuth
0x00000000301d1000 	/System/Library/PrivateFrameworks/login.framework/Versions/A/Frameworks/loginsupport.framework/Versions/A/loginsupport
0x00000000301d1000 	/System/Library/PrivateFrameworks/TCC.framework/Versions/A/TCC
0x00000000301d1000 	/usr/lib/libmecabra.dylib
0x00000000301d1000 	/System/Library/Frameworks/ApplicationServices.framework/Versions/A/Frameworks/ATS.framework/Versions/A/ATS
0x00000000301d1000 	/System/Library/Frameworks/ApplicationServices.framework/Versions/A/Frameworks/ColorSync.framework/Versions/A/ColorSync
0x00000000301d1000 	/System/Library/Frameworks/ApplicationServices.framework/Versions/A/Frameworks/HIServices.framework/Versions/A/HIServices
0x00000000301d1000 	/System/Library/Frameworks/ApplicationServices.framework/Versions/A/Frameworks/LangAnalysis.framework/Versions/A/LangAnalysis
0x00000000301d1000 	/System/Library/Frameworks/ApplicationServices.framework/Versions/A/Frameworks/PrintCore.framework/Versions/A/PrintCore
0x00000000301d1000 	/System/Library/Frameworks/ApplicationServices.framework/Versions/A/Frameworks/QD.framework/Versions/A/QD
0x00000000301d1000 	/System/Library/Frameworks/ApplicationServices.framework/Versions/A/Frameworks/SpeechSynthesis.framework/Versions/A/SpeechSynthesis
0x00000000301d1000 	/System/Library/Frameworks/Accelerate.framework/Versions/A/Frameworks/vImage.framework/Versions/A/vImage
0x00000000301d1000 	/System/Library/Frameworks/Accelerate.framework/Versions/A/Frameworks/vecLib.framework/Versions/A/vecLib
0x00000000301d1000 	/System/Library/Frameworks/Accelerate.framework/Versions/A/Frameworks/vecLib.framework/Versions/A/libvDSP.dylib
0x00000000301d1000 	/System/Library/Frameworks/Accelerate.framework/Versions/A/Frameworks/vecLib.framework/Versions/A/libBNNS.dylib
0x00000000301d1000 	/System/Library/Frameworks/Accelerate.framework/Versions/A/Frameworks/vecLib.framework/Versions/A/libQuadrature.dylib
0x00000000301d1000 	/System/Library/Frameworks/Accelerate.framework/Versions/A/Frameworks/vecLib.framework/Versions/A/libvMisc.dylib
0x00000000301d1000 	/System/Library/Frameworks/Accelerate.framework/Versions/A/Frameworks/vecLib.framework/Versions/A/libLAPACK.dylib
0x00000000301d1000 	/System/Library/Frameworks/Accelerate.framework/Versions/A/Frameworks/vecLib.framework/Versions/A/libBLAS.dylib
0x00000000301d1000 	/System/Library/Frameworks/Accelerate.framework/Versions/A/Frameworks/vecLib.framework/Versions/A/libLinearAlgebra.dylib
0x00000000301d1000 	/System/Library/Frameworks/Accelerate.framework/Versions/A/Frameworks/vecLib.framework/Versions/A/libSparseBLAS.dylib
0x00000000301d1000 	/System/Library/Frameworks/ApplicationServices.framework/Versions/A/Frameworks/ATS.framework/Versions/A/Resources/libFontParser.dylib
0x00000000301d1000 	/System/Library/Frameworks/ApplicationServices.framework/Versions/A/Frameworks/ATS.framework/Versions/A/Resources/libFontRegistry.dylib
0x00000000301d1000 	/System/Library/Frameworks/ImageIO.framework/Versions/A/Resources/libJPEG.dylib
0x00000000301d1000 	/System/Library/Frameworks/ImageIO.framework/Versions/A/Resources/libTIFF.dylib
0x00000000301d1000 	/System/Library/Frameworks/ImageIO.framework/Versions/A/Resources/libPng.dylib
0x00000000301d1000 	/System/Library/Frameworks/ImageIO.framework/Versions/A/Resources/libGIF.dylib
0x00000000301d1000 	/System/Library/Frameworks/ImageIO.framework/Versions/A/Resources/libJP2.dylib
0x00000000301d1000 	/System/Library/Frameworks/ImageIO.framework/Versions/A/Resources/libRadiance.dylib
0x00000000301d1000 	/usr/lib/libcompression.dylib
0x00000000301d1000 	/System/Library/PrivateFrameworks/AppleJPEG.framework/Versions/A/AppleJPEG
0x00000000301d1000 	/usr/lib/libcups.2.dylib
0x00000000301d1000 	/System/Library/Frameworks/Kerberos.framework/Versions/A/Kerberos
0x00000000301d1000 	/System/Library/Frameworks/GSS.framework/Versions/A/GSS
0x00000000301d1000 	/usr/lib/libresolv.9.dylib
0x00000000301d1000 	/usr/lib/libiconv.2.dylib
0x00000000301d1000 	/System/Library/PrivateFrameworks/Heimdal.framework/Versions/A/Heimdal
0x00000000301d1000 	/usr/lib/libheimdal-asn1.dylib
0x00000000301d1000 	/System/Library/Frameworks/OpenDirectory.framework/Versions/A/OpenDirectory
0x00000000301d1000 	/System/Library/PrivateFrameworks/CommonAuth.framework/Versions/A/CommonAuth
0x00000000301d1000 	/System/Library/Frameworks/OpenDirectory.framework/Versions/A/Frameworks/CFOpenDirectory.framework/Versions/A/CFOpenDirectory
0x00000000301d1000 	/System/Library/Frameworks/SecurityFoundation.framework/Versions/A/SecurityFoundation
0x00000000301d1000 	/System/Library/PrivateFrameworks/LanguageModeling.framework/Versions/A/LanguageModeling
0x00000000301d1000 	/usr/lib/libmarisa.dylib
0x00000000301d1000 	/usr/lib/libChineseTokenizer.dylib
0x00000000301d1000 	/usr/lib/libcmph.dylib
0x00000000301d1000 	/System/Library/PrivateFrameworks/CoreEmoji.framework/Versions/A/CoreEmoji
0x00000000301d1000 	/System/Library/Frameworks/ServiceManagement.framework/Versions/A/ServiceManagement
0x00000000301d1000 	/usr/lib/libxslt.1.dylib
0x00000000301d1000 	/System/Library/Frameworks/Carbon.framework/Versions/A/Frameworks/Ink.framework/Versions/A/Ink
0x00000000301d1000 	/System/Library/PrivateFrameworks/TextureIO.framework/Versions/A/TextureIO
0x00000000301d1000 	/System/Library/Frameworks/Metal.framework/Versions/A/Metal
0x00000000301d1000 	/usr/lib/libate.dylib
0x00000000301d1000 	/System/Library/PrivateFrameworks/GPUCompiler.framework/libmetal_timestamp.dylib
0x00000000301d1000 	/System/Library/Frameworks/OpenGL.framework/Versions/A/Libraries/libCoreFSCache.dylib
0x00000000301d1000 	/System/Library/PrivateFrameworks/IOAccelerator.framework/Versions/A/IOAccelerator
0x00000000301d1000 	/System/Library/Frameworks/CoreVideo.framework/Versions/A/CoreVideo
0x00000000301d1000 	/usr/lib/libFosl_dynamic.dylib
0x00000000301d1000 	/System/Library/PrivateFrameworks/MetalPerformanceShaders.framework/Versions/A/MetalPerformanceShaders
0x00000000301d1000 	/System/Library/PrivateFrameworks/FaceCore.framework/Versions/A/FaceCore
0x00000000301d1000 	/System/Library/Frameworks/OpenCL.framework/Versions/A/OpenCL
0x00000000301d1000 	/System/Library/Frameworks/OpenGL.framework/Versions/A/Libraries/libGLU.dylib
0x00000000301d1000 	/System/Library/Frameworks/OpenGL.framework/Versions/A/Libraries/libGFXShared.dylib
0x00000000301d1000 	/System/Library/Frameworks/OpenGL.framework/Versions/A/Libraries/libGL.dylib
0x00000000301d1000 	/System/Library/Frameworks/OpenGL.framework/Versions/A/Libraries/libGLImage.dylib
0x00000000301d1000 	/System/Library/Frameworks/OpenGL.framework/Versions/A/Libraries/libCVMSPluginSupport.dylib
0x00000000301d1000 	/System/Library/Frameworks/OpenGL.framework/Versions/A/Libraries/libCoreVMClient.dylib
0x00000000301d1000 	/System/Library/PrivateFrameworks/CrashReporterSupport.framework/Versions/A/CrashReporterSupport
0x00000000301d1000 	/System/Library/PrivateFrameworks/Sharing.framework/Versions/A/Sharing
0x00000000301d1000 	/System/Library/PrivateFrameworks/IconServices.framework/Versions/A/IconServices
0x00000000301d1000 	/System/Library/PrivateFrameworks/ProtocolBuffer.framework/Versions/A/ProtocolBuffer
0x00000000301d1000 	/System/Library/PrivateFrameworks/Apple80211.framework/Versions/A/Apple80211
0x00000000301d1000 	/System/Library/Frameworks/CoreWLAN.framework/Versions/A/CoreWLAN
0x00000000301d1000 	/System/Library/PrivateFrameworks/CoreUtils.framework/Versions/A/CoreUtils
0x00000000301d1000 	/System/Library/Frameworks/IOBluetooth.framework/Versions/A/IOBluetooth
0x00000000301d1000 	/System/Library/PrivateFrameworks/CoreWiFi.framework/Versions/A/CoreWiFi
0x00000000301d1000 	/System/Library/Frameworks/CoreBluetooth.framework/Versions/A/CoreBluetooth
0x00000000301d1000 	/System/Library/Frameworks/CoreDisplay.framework/Versions/A/CoreDisplay
0x00000000301d1000 	/System/Library/PrivateFrameworks/IOPresentment.framework/Versions/A/IOPresentment
0x00000000301d1000 	/System/Library/PrivateFrameworks/DSExternalDisplay.framework/Versions/A/DSExternalDisplay
0x00000000301d1000 	/System/Library/PrivateFrameworks/DebugSymbols.framework/Versions/A/DebugSymbols
0x00000000301d1000 	/System/Library/PrivateFrameworks/CoreSymbolication.framework/Versions/A/CoreSymbolication
0x00000000301d1000 	/System/Library/PrivateFrameworks/Symbolication.framework/Versions/A/Symbolication
0x00000000301d1000 	/System/Library/PrivateFrameworks/AppleFSCompression.framework/Versions/A/AppleFSCompression
0x00000000301d1000 	/System/Library/PrivateFrameworks/SpeechRecognitionCore.framework/Versions/A/SpeechRecognitionCore
0x00000000301d1000 	/System/Library/PrivateFrameworks/ChunkingLibrary.framework/Versions/A/ChunkingLibrary
0x0000000104a00000 	/Library/Java/JavaVirtualMachines/jdk1.8.0_101.jdk/Contents/Home/jre/lib/server/libjvm.dylib
0x00000000301d1000 	/usr/lib/libstdc++.6.dylib
0x000000010599d000 	/Library/Java/JavaVirtualMachines/jdk1.8.0_101.jdk/Contents/Home/jre/lib/libverify.dylib
0x00000001059ab000 	/Library/Java/JavaVirtualMachines/jdk1.8.0_101.jdk/Contents/Home/jre/lib/libjava.dylib
0x00000001059e8000 	/Library/Java/JavaVirtualMachines/jdk1.8.0_101.jdk/Contents/Home/jre/lib/libzip.dylib
0x0000000111a7f000 	/System/Library/Frameworks/JavaVM.framework/Frameworks/JavaRuntimeSupport.framework/JavaRuntimeSupport
0x0000000111a99000 	/System/Library/Frameworks/JavaVM.framework/Versions/A/Frameworks/JavaNativeFoundation.framework/Versions/A/JavaNativeFoundation
0x0000000111aae000 	/System/Library/Frameworks/JavaVM.framework/Versions/A/JavaVM
0x00000000301d1000 	/System/Library/Frameworks/Carbon.framework/Versions/A/Carbon
0x0000000111abb000 	/System/Library/PrivateFrameworks/JavaLaunching.framework/Versions/A/JavaLaunching
0x00000000301d1000 	/System/Library/Frameworks/Carbon.framework/Versions/A/Frameworks/CommonPanels.framework/Versions/A/CommonPanels
0x00000000301d1000 	/System/Library/Frameworks/Carbon.framework/Versions/A/Frameworks/Help.framework/Versions/A/Help
0x00000000301d1000 	/System/Library/Frameworks/Carbon.framework/Versions/A/Frameworks/ImageCapture.framework/Versions/A/ImageCapture
0x00000000301d1000 	/System/Library/Frameworks/Carbon.framework/Versions/A/Frameworks/OpenScripting.framework/Versions/A/OpenScripting
0x00000000301d1000 	/System/Library/Frameworks/Carbon.framework/Versions/A/Frameworks/Print.framework/Versions/A/Print
0x00000000301d1000 	/System/Library/Frameworks/Carbon.framework/Versions/A/Frameworks/SecurityHI.framework/Versions/A/SecurityHI

VM Arguments:
java_command: COMP535-1.0-SNAPSHOT-jar-with-dependencies.jar ../conf/router1.conf
java_class_path (initial): COMP535-1.0-SNAPSHOT-jar-with-dependencies.jar
Launcher Type: SUN_STANDARD

Environment Variables:
PATH=/Library/Frameworks/Python.framework/Versions/3.6/bin:/Library/Frameworks/Python.framework/Versions/2.7/bin:/usr/local/bin:/usr/bin:/bin:/usr/sbin:/sbin:/usr/local/go/bin:/Applications/Wireshark.app/Contents/MacOS:/Users/Alex/Documents/Source_Codes/go/bin:/usr/local/opt/go/libexec/bin
SHELL=/bin/bash

Signal Handlers:
SIGSEGV: [libjvm.dylib+0x5af145], sa_mask[0]=11111111011111110111111111111111, sa_flags=SA_ONSTACK|SA_RESTART|SA_SIGINFO
SIGBUS: [libjvm.dylib+0x5af145], sa_mask[0]=11111111011111110111111111111111, sa_flags=SA_RESTART|SA_SIGINFO
SIGFPE: [libjvm.dylib+0x48694c], sa_mask[0]=11111111011111110111111111111111, sa_flags=SA_RESTART|SA_SIGINFO
SIGPIPE: [libjvm.dylib+0x48694c], sa_mask[0]=11111111011111110111111111111111, sa_flags=SA_RESTART|SA_SIGINFO
SIGXFSZ: [libjvm.dylib+0x48694c], sa_mask[0]=11111111011111110111111111111111, sa_flags=SA_RESTART|SA_SIGINFO
SIGILL: [libjvm.dylib+0x48694c], sa_mask[0]=11111111011111110111111111111111, sa_flags=SA_RESTART|SA_SIGINFO
SIGUSR1: SIG_DFL, sa_mask[0]=11011111011111100000000111000110, sa_flags=none
SIGUSR2: [libjvm.dylib+0x48646a], sa_mask[0]=00000000000000000000000000000000, sa_flags=SA_RESTART|SA_SIGINFO
SIGHUP: [libjvm.dylib+0x484a41], sa_mask[0]=11111111011111110111111111111111, sa_flags=SA_RESTART|SA_SIGINFO
SIGINT: [libjvm.dylib+0x484a41], sa_mask[0]=11111111011111110111111111111111, sa_flags=SA_RESTART|SA_SIGINFO
SIGTERM: [libjvm.dylib+0x484a41], sa_mask[0]=11111111011111110111111111111111, sa_flags=SA_RESTART|SA_SIGINFO
SIGQUIT: [libjvm.dylib+0x484a41], sa_mask[0]=11111111011111110111111111111111, sa_flags=SA_RESTART|SA_SIGINFO


---------------  S Y S T E M  ---------------

OS:Bsduname:Darwin 16.7.0 Darwin Kernel Version 16.7.0: Thu Jun 15 17:36:27 PDT 2017; root:xnu-3789.70.16~2/RELEASE_X86_64 x86_64
rlimit: STACK 8192k, CORE 0k, NPROC 709, NOFILE 10240, AS infinity
load average:2.15 2.03 2.00

CPU:total 8 (4 cores per cpu, 2 threads per core) family 6 model 70 stepping 1, cmov, cx8, fxsr, mmx, sse, sse2, sse3, ssse3, sse4.1, sse4.2, popcnt, avx, avx2, aes, clmul, erms, lzcnt, ht, tsc, tscinvbit, bmi1, bmi2

Memory: 4k page, physical 16777216k(4191756k free)

/proc/meminfo:


vm_info: Java HotSpot(TM) 64-Bit Server VM (25.101-b13) for bsd-amd64 JRE (1.8.0_101-b13), built on Jun 22 2016 02:42:15 by "java_re" with gcc 4.2.1 (Based on Apple Inc. build 5658) (LLVM build 2336.11.00)

time: Wed Jan 31 14:10:08 2018
elapsed time: 38 seconds (0d 0h 0m 38s)

